2024-09-10 21:46:40,593 [BombeRLeWorld] INFO: Initializing game world
2024-09-10 21:46:43,169 [BombeRLeWorld] INFO: STARTING ROUND #1
2024-09-10 21:46:43,178 [BombeRLeWorld] INFO: STARTING STEP 1
2024-09-10 21:46:43,181 [BombeRLeWorld] INFO: Agent <test_agent> chose action UP in 0.00s.
2024-09-10 21:46:43,181 [BombeRLeWorld] INFO: Agent <test_agent> stayed within acceptable think time.
2024-09-10 21:46:43,181 [BombeRLeWorld] INFO: Agent <random_agent> chose action BOMB in 0.00s.
2024-09-10 21:46:43,181 [BombeRLeWorld] INFO: Agent <random_agent> stayed within acceptable think time.
2024-09-10 21:46:43,181 [BombeRLeWorld] INFO: Agent <random_agent> drops bomb at (1, 15)
2024-09-10 21:46:43,181 [BombeRLeWorld] INFO: Agent <rule_based_agent> chose action LEFT in 0.00s.
2024-09-10 21:46:43,181 [BombeRLeWorld] INFO: Agent <rule_based_agent> stayed within acceptable think time.
2024-09-10 21:46:43,298 [BombeRLeWorld] INFO: STARTING STEP 2
2024-09-10 21:46:43,302 [BombeRLeWorld] INFO: Agent <random_agent> chose action LEFT in 0.00s.
2024-09-10 21:46:43,302 [BombeRLeWorld] INFO: Agent <random_agent> stayed within acceptable think time.
2024-09-10 21:46:43,303 [BombeRLeWorld] INFO: Agent <test_agent> chose action LEFT in 0.00s.
2024-09-10 21:46:43,303 [BombeRLeWorld] INFO: Agent <test_agent> stayed within acceptable think time.
2024-09-10 21:46:43,303 [BombeRLeWorld] INFO: Agent <rule_based_agent> chose action BOMB in 0.00s.
2024-09-10 21:46:43,303 [BombeRLeWorld] INFO: Agent <rule_based_agent> stayed within acceptable think time.
2024-09-10 21:46:43,303 [BombeRLeWorld] INFO: Agent <rule_based_agent> drops bomb at (14, 1)
2024-09-10 21:46:43,376 [BombeRLeWorld] INFO: STARTING STEP 3
2024-09-10 21:46:43,377 [BombeRLeWorld] INFO: Agent <rule_based_agent> chose action RIGHT in 0.00s.
2024-09-10 21:46:43,377 [BombeRLeWorld] INFO: Agent <rule_based_agent> stayed within acceptable think time.
2024-09-10 21:46:43,377 [BombeRLeWorld] INFO: Agent <test_agent> chose action UP in 0.00s.
2024-09-10 21:46:43,377 [BombeRLeWorld] INFO: Agent <test_agent> stayed within acceptable think time.
2024-09-10 21:46:43,377 [BombeRLeWorld] INFO: Agent <random_agent> chose action LEFT in 0.00s.
2024-09-10 21:46:43,377 [BombeRLeWorld] INFO: Agent <random_agent> stayed within acceptable think time.
2024-09-10 21:46:43,489 [BombeRLeWorld] INFO: STARTING STEP 4
2024-09-10 21:46:43,493 [BombeRLeWorld] INFO: Agent <random_agent> chose action LEFT in 0.00s.
2024-09-10 21:46:43,494 [BombeRLeWorld] INFO: Agent <random_agent> stayed within acceptable think time.
2024-09-10 21:46:43,494 [BombeRLeWorld] INFO: Agent <test_agent> chose action DOWN in 0.00s.
2024-09-10 21:46:43,494 [BombeRLeWorld] INFO: Agent <test_agent> stayed within acceptable think time.
2024-09-10 21:46:43,494 [BombeRLeWorld] INFO: Agent <rule_based_agent> chose action DOWN in 0.00s.
2024-09-10 21:46:43,494 [BombeRLeWorld] INFO: Agent <rule_based_agent> stayed within acceptable think time.
2024-09-10 21:46:43,583 [BombeRLeWorld] INFO: STARTING STEP 5
2024-09-10 21:46:43,586 [BombeRLeWorld] INFO: Agent <test_agent> chose action WAIT in 0.00s.
2024-09-10 21:46:43,586 [BombeRLeWorld] INFO: Agent <test_agent> stayed within acceptable think time.
2024-09-10 21:46:43,587 [BombeRLeWorld] INFO: Agent <rule_based_agent> chose action UP in 0.00s.
2024-09-10 21:46:43,587 [BombeRLeWorld] INFO: Agent <rule_based_agent> stayed within acceptable think time.
2024-09-10 21:46:43,587 [BombeRLeWorld] INFO: Agent <random_agent> chose action RIGHT in 0.00s.
2024-09-10 21:46:43,587 [BombeRLeWorld] INFO: Agent <random_agent> stayed within acceptable think time.
2024-09-10 21:46:43,587 [BombeRLeWorld] INFO: Agent <random_agent>'s bomb at (1, 15) explodes
2024-09-10 21:46:43,588 [BombeRLeWorld] INFO: Agent <random_agent> blown up by own bomb
2024-09-10 21:46:43,691 [BombeRLeWorld] INFO: STARTING STEP 6
2024-09-10 21:46:43,695 [BombeRLeWorld] INFO: Agent <rule_based_agent> chose action DOWN in 0.00s.
2024-09-10 21:46:43,695 [BombeRLeWorld] INFO: Agent <rule_based_agent> stayed within acceptable think time.
2024-09-10 21:46:43,695 [BombeRLeWorld] INFO: Agent <test_agent> chose action BOMB in 0.00s.
2024-09-10 21:46:43,696 [BombeRLeWorld] INFO: Agent <test_agent> stayed within acceptable think time.
2024-09-10 21:46:43,696 [BombeRLeWorld] INFO: Agent <test_agent> drops bomb at (1, 2)
2024-09-10 21:46:43,696 [BombeRLeWorld] INFO: Agent <rule_based_agent>'s bomb at (14, 1) explodes
2024-09-10 21:46:43,787 [BombeRLeWorld] INFO: STARTING STEP 7
2024-09-10 21:46:43,790 [BombeRLeWorld] INFO: Agent <test_agent> chose action DOWN in 0.00s.
2024-09-10 21:46:43,790 [BombeRLeWorld] INFO: Agent <test_agent> stayed within acceptable think time.
2024-09-10 21:46:43,790 [BombeRLeWorld] INFO: Agent <rule_based_agent> chose action None in 0.00s.
2024-09-10 21:46:43,790 [BombeRLeWorld] INFO: Agent <rule_based_agent> stayed within acceptable think time.
2024-09-10 21:46:43,886 [BombeRLeWorld] INFO: STARTING STEP 8
2024-09-10 21:46:43,889 [BombeRLeWorld] INFO: Agent <rule_based_agent> chose action UP in 0.00s.
2024-09-10 21:46:43,889 [BombeRLeWorld] INFO: Agent <rule_based_agent> stayed within acceptable think time.
2024-09-10 21:46:43,889 [BombeRLeWorld] INFO: Agent <test_agent> chose action DOWN in 0.00s.
2024-09-10 21:46:43,889 [BombeRLeWorld] INFO: Agent <test_agent> stayed within acceptable think time.
2024-09-10 21:46:43,989 [BombeRLeWorld] INFO: STARTING STEP 9
2024-09-10 21:46:43,991 [BombeRLeWorld] INFO: Agent <test_agent> chose action DOWN in 0.00s.
2024-09-10 21:46:43,991 [BombeRLeWorld] INFO: Agent <test_agent> stayed within acceptable think time.
2024-09-10 21:46:43,991 [BombeRLeWorld] INFO: Agent <rule_based_agent> chose action DOWN in 0.00s.
2024-09-10 21:46:43,991 [BombeRLeWorld] INFO: Agent <rule_based_agent> stayed within acceptable think time.
2024-09-10 21:46:44,093 [BombeRLeWorld] INFO: STARTING STEP 10
2024-09-10 21:46:44,096 [BombeRLeWorld] INFO: Agent <test_agent> chose action LEFT in 0.00s.
2024-09-10 21:46:44,096 [BombeRLeWorld] INFO: Agent <test_agent> stayed within acceptable think time.
2024-09-10 21:46:44,096 [BombeRLeWorld] INFO: Agent <rule_based_agent> chose action BOMB in 0.00s.
2024-09-10 21:46:44,096 [BombeRLeWorld] INFO: Agent <rule_based_agent> stayed within acceptable think time.
2024-09-10 21:46:44,097 [BombeRLeWorld] INFO: Agent <rule_based_agent> drops bomb at (15, 2)
2024-09-10 21:46:44,097 [BombeRLeWorld] INFO: Agent <test_agent>'s bomb at (1, 2) explodes
2024-09-10 21:46:44,097 [BombeRLeWorld] INFO: Agent <test_agent> blown up by own bomb
2024-09-10 21:46:44,190 [BombeRLeWorld] INFO: STARTING STEP 11
2024-09-10 21:46:44,192 [BombeRLeWorld] INFO: Agent <rule_based_agent> chose action UP in 0.00s.
2024-09-10 21:46:44,192 [BombeRLeWorld] INFO: Agent <rule_based_agent> stayed within acceptable think time.
2024-09-10 21:46:44,284 [BombeRLeWorld] INFO: STARTING STEP 12
2024-09-10 21:46:44,286 [BombeRLeWorld] INFO: Agent <rule_based_agent> chose action LEFT in 0.00s.
2024-09-10 21:46:44,286 [BombeRLeWorld] INFO: Agent <rule_based_agent> stayed within acceptable think time.
2024-09-10 21:46:44,383 [BombeRLeWorld] INFO: STARTING STEP 13
2024-09-10 21:46:44,385 [BombeRLeWorld] INFO: Agent <rule_based_agent> chose action LEFT in 0.00s.
2024-09-10 21:46:44,385 [BombeRLeWorld] INFO: Agent <rule_based_agent> stayed within acceptable think time.
2024-09-10 21:46:44,482 [BombeRLeWorld] INFO: STARTING STEP 14
2024-09-10 21:46:44,485 [BombeRLeWorld] INFO: Agent <rule_based_agent> chose action LEFT in 0.00s.
2024-09-10 21:46:44,485 [BombeRLeWorld] INFO: Agent <rule_based_agent> stayed within acceptable think time.
2024-09-10 21:46:44,485 [BombeRLeWorld] INFO: Agent <rule_based_agent>'s bomb at (15, 2) explodes
2024-09-10 21:46:44,582 [BombeRLeWorld] INFO: STARTING STEP 15
2024-09-10 21:46:44,584 [BombeRLeWorld] INFO: Agent <rule_based_agent> chose action LEFT in 0.00s.
2024-09-10 21:46:44,584 [BombeRLeWorld] INFO: Agent <rule_based_agent> stayed within acceptable think time.
2024-09-10 21:46:44,680 [BombeRLeWorld] INFO: STARTING STEP 16
2024-09-10 21:46:44,682 [BombeRLeWorld] INFO: Agent <rule_based_agent> chose action RIGHT in 0.00s.
2024-09-10 21:46:44,682 [BombeRLeWorld] INFO: Agent <rule_based_agent> stayed within acceptable think time.
2024-09-10 21:46:44,781 [BombeRLeWorld] INFO: STARTING STEP 17
2024-09-10 21:46:44,782 [BombeRLeWorld] INFO: Agent <rule_based_agent> chose action LEFT in 0.00s.
2024-09-10 21:46:44,782 [BombeRLeWorld] INFO: Agent <rule_based_agent> stayed within acceptable think time.
2024-09-10 21:46:44,881 [BombeRLeWorld] INFO: STARTING STEP 18
2024-09-10 21:46:44,882 [BombeRLeWorld] INFO: Agent <rule_based_agent> chose action BOMB in 0.00s.
2024-09-10 21:46:44,882 [BombeRLeWorld] INFO: Agent <rule_based_agent> stayed within acceptable think time.
2024-09-10 21:46:44,882 [BombeRLeWorld] INFO: Agent <rule_based_agent> drops bomb at (11, 1)
2024-09-10 21:46:44,982 [BombeRLeWorld] INFO: STARTING STEP 19
2024-09-10 21:46:44,985 [BombeRLeWorld] INFO: Agent <rule_based_agent> chose action RIGHT in 0.00s.
2024-09-10 21:46:44,985 [BombeRLeWorld] INFO: Agent <rule_based_agent> stayed within acceptable think time.
2024-09-10 21:46:45,081 [BombeRLeWorld] INFO: STARTING STEP 20
2024-09-10 21:46:45,084 [BombeRLeWorld] INFO: Agent <rule_based_agent> chose action RIGHT in 0.00s.
2024-09-10 21:46:45,084 [BombeRLeWorld] INFO: Agent <rule_based_agent> stayed within acceptable think time.
2024-09-10 21:46:45,182 [BombeRLeWorld] INFO: STARTING STEP 21
2024-09-10 21:46:45,185 [BombeRLeWorld] INFO: Agent <rule_based_agent> chose action RIGHT in 0.00s.
2024-09-10 21:46:45,185 [BombeRLeWorld] INFO: Agent <rule_based_agent> stayed within acceptable think time.
2024-09-10 21:46:45,283 [BombeRLeWorld] INFO: STARTING STEP 22
2024-09-10 21:46:45,287 [BombeRLeWorld] INFO: Agent <rule_based_agent> chose action RIGHT in 0.00s.
2024-09-10 21:46:45,288 [BombeRLeWorld] INFO: Agent <rule_based_agent> stayed within acceptable think time.
2024-09-10 21:46:45,288 [BombeRLeWorld] INFO: Agent <rule_based_agent>'s bomb at (11, 1) explodes
2024-09-10 21:46:45,288 [BombeRLeWorld] INFO: Coin found at (11, 4)
2024-09-10 21:46:45,386 [BombeRLeWorld] INFO: STARTING STEP 23
2024-09-10 21:46:45,388 [BombeRLeWorld] INFO: Agent <rule_based_agent> chose action DOWN in 0.00s.
2024-09-10 21:46:45,388 [BombeRLeWorld] INFO: Agent <rule_based_agent> stayed within acceptable think time.
2024-09-10 21:46:45,484 [BombeRLeWorld] INFO: STARTING STEP 24
2024-09-10 21:46:45,486 [BombeRLeWorld] INFO: Agent <rule_based_agent> chose action DOWN in 0.00s.
2024-09-10 21:46:45,487 [BombeRLeWorld] INFO: Agent <rule_based_agent> stayed within acceptable think time.
2024-09-10 21:46:45,583 [BombeRLeWorld] INFO: STARTING STEP 25
2024-09-10 21:46:45,586 [BombeRLeWorld] INFO: Agent <rule_based_agent> chose action DOWN in 0.00s.
2024-09-10 21:46:45,586 [BombeRLeWorld] INFO: Agent <rule_based_agent> stayed within acceptable think time.
2024-09-10 21:46:45,689 [BombeRLeWorld] INFO: STARTING STEP 26
2024-09-10 21:46:45,692 [BombeRLeWorld] INFO: Agent <rule_based_agent> chose action DOWN in 0.00s.
2024-09-10 21:46:45,693 [BombeRLeWorld] INFO: Agent <rule_based_agent> stayed within acceptable think time.
2024-09-10 21:46:45,798 [BombeRLeWorld] INFO: STARTING STEP 27
2024-09-10 21:46:45,803 [BombeRLeWorld] INFO: Agent <rule_based_agent> chose action LEFT in 0.00s.
2024-09-10 21:46:45,804 [BombeRLeWorld] INFO: Agent <rule_based_agent> stayed within acceptable think time.
2024-09-10 21:46:45,895 [BombeRLeWorld] INFO: STARTING STEP 28
2024-09-10 21:46:45,899 [BombeRLeWorld] INFO: Agent <rule_based_agent> chose action LEFT in 0.00s.
2024-09-10 21:46:45,899 [BombeRLeWorld] INFO: Agent <rule_based_agent> stayed within acceptable think time.
2024-09-10 21:46:45,986 [BombeRLeWorld] INFO: STARTING STEP 29
2024-09-10 21:46:45,988 [BombeRLeWorld] INFO: Agent <rule_based_agent> chose action DOWN in 0.00s.
2024-09-10 21:46:45,988 [BombeRLeWorld] INFO: Agent <rule_based_agent> stayed within acceptable think time.
2024-09-10 21:46:46,088 [BombeRLeWorld] INFO: STARTING STEP 30
2024-09-10 21:46:46,089 [BombeRLeWorld] INFO: Agent <rule_based_agent> chose action BOMB in 0.00s.
2024-09-10 21:46:46,089 [BombeRLeWorld] INFO: Agent <rule_based_agent> stayed within acceptable think time.
2024-09-10 21:46:46,090 [BombeRLeWorld] INFO: Agent <rule_based_agent> drops bomb at (13, 6)
2024-09-10 21:46:46,194 [BombeRLeWorld] INFO: STARTING STEP 31
2024-09-10 21:46:46,202 [BombeRLeWorld] INFO: Agent <rule_based_agent> chose action UP in 0.01s.
2024-09-10 21:46:46,202 [BombeRLeWorld] INFO: Agent <rule_based_agent> stayed within acceptable think time.
2024-09-10 21:46:46,297 [BombeRLeWorld] INFO: STARTING STEP 32
2024-09-10 21:46:46,305 [BombeRLeWorld] INFO: Agent <rule_based_agent> chose action RIGHT in 0.01s.
2024-09-10 21:46:46,305 [BombeRLeWorld] INFO: Agent <rule_based_agent> stayed within acceptable think time.
2024-09-10 21:46:46,404 [BombeRLeWorld] INFO: STARTING STEP 33
2024-09-10 21:46:46,414 [BombeRLeWorld] INFO: Agent <rule_based_agent> chose action RIGHT in 0.01s.
2024-09-10 21:46:46,414 [BombeRLeWorld] INFO: Agent <rule_based_agent> stayed within acceptable think time.
2024-09-10 21:46:46,497 [BombeRLeWorld] INFO: STARTING STEP 34
2024-09-10 21:46:46,504 [BombeRLeWorld] INFO: Agent <rule_based_agent> chose action UP in 0.01s.
2024-09-10 21:46:46,504 [BombeRLeWorld] INFO: Agent <rule_based_agent> stayed within acceptable think time.
2024-09-10 21:46:46,504 [BombeRLeWorld] INFO: Agent <rule_based_agent>'s bomb at (13, 6) explodes
2024-09-10 21:46:46,505 [BombeRLeWorld] INFO: Coin found at (13, 7)
2024-09-10 21:46:46,591 [BombeRLeWorld] INFO: STARTING STEP 35
2024-09-10 21:46:46,596 [BombeRLeWorld] INFO: Agent <rule_based_agent> chose action DOWN in 0.00s.
2024-09-10 21:46:46,596 [BombeRLeWorld] INFO: Agent <rule_based_agent> stayed within acceptable think time.
2024-09-10 21:46:46,696 [BombeRLeWorld] INFO: STARTING STEP 36
2024-09-10 21:46:46,701 [BombeRLeWorld] INFO: Agent <rule_based_agent> chose action LEFT in 0.00s.
2024-09-10 21:46:46,701 [BombeRLeWorld] INFO: Agent <rule_based_agent> stayed within acceptable think time.
2024-09-10 21:46:46,797 [BombeRLeWorld] INFO: STARTING STEP 37
2024-09-10 21:46:46,801 [BombeRLeWorld] INFO: Agent <rule_based_agent> chose action LEFT in 0.00s.
2024-09-10 21:46:46,801 [BombeRLeWorld] INFO: Agent <rule_based_agent> stayed within acceptable think time.
2024-09-10 21:46:46,900 [BombeRLeWorld] INFO: STARTING STEP 38
2024-09-10 21:46:46,903 [BombeRLeWorld] INFO: Agent <rule_based_agent> chose action DOWN in 0.00s.
2024-09-10 21:46:46,903 [BombeRLeWorld] INFO: Agent <rule_based_agent> stayed within acceptable think time.
2024-09-10 21:46:46,985 [BombeRLeWorld] INFO: STARTING STEP 39
2024-09-10 21:46:46,986 [BombeRLeWorld] INFO: Agent <rule_based_agent> chose action DOWN in 0.00s.
2024-09-10 21:46:46,987 [BombeRLeWorld] INFO: Agent <rule_based_agent> stayed within acceptable think time.
2024-09-10 21:46:46,987 [BombeRLeWorld] INFO: Agent <rule_based_agent> picked up coin at (13, 7) and receives 1 point
2024-09-10 21:46:47,087 [BombeRLeWorld] INFO: STARTING STEP 40
2024-09-10 21:46:47,090 [BombeRLeWorld] INFO: Agent <rule_based_agent> chose action DOWN in 0.00s.
2024-09-10 21:46:47,090 [BombeRLeWorld] INFO: Agent <rule_based_agent> stayed within acceptable think time.
2024-09-10 21:46:47,188 [BombeRLeWorld] INFO: STARTING STEP 41
2024-09-10 21:46:47,190 [BombeRLeWorld] INFO: Agent <rule_based_agent> chose action DOWN in 0.00s.
2024-09-10 21:46:47,191 [BombeRLeWorld] INFO: Agent <rule_based_agent> stayed within acceptable think time.
2024-09-10 21:46:47,284 [BombeRLeWorld] INFO: STARTING STEP 42
2024-09-10 21:46:47,285 [BombeRLeWorld] INFO: Agent <rule_based_agent> chose action LEFT in 0.00s.
2024-09-10 21:46:47,285 [BombeRLeWorld] INFO: Agent <rule_based_agent> stayed within acceptable think time.
2024-09-10 21:46:47,387 [BombeRLeWorld] INFO: STARTING STEP 43
2024-09-10 21:46:47,388 [BombeRLeWorld] INFO: Agent <rule_based_agent> chose action BOMB in 0.00s.
2024-09-10 21:46:47,388 [BombeRLeWorld] INFO: Agent <rule_based_agent> stayed within acceptable think time.
2024-09-10 21:46:47,388 [BombeRLeWorld] INFO: Agent <rule_based_agent> drops bomb at (12, 9)
2024-09-10 21:46:47,484 [BombeRLeWorld] INFO: STARTING STEP 44
2024-09-10 21:46:47,488 [BombeRLeWorld] INFO: Agent <rule_based_agent> chose action RIGHT in 0.00s.
2024-09-10 21:46:47,488 [BombeRLeWorld] INFO: Agent <rule_based_agent> stayed within acceptable think time.
2024-09-10 21:46:47,587 [BombeRLeWorld] INFO: STARTING STEP 45
2024-09-10 21:46:47,590 [BombeRLeWorld] INFO: Agent <rule_based_agent> chose action UP in 0.00s.
2024-09-10 21:46:47,590 [BombeRLeWorld] INFO: Agent <rule_based_agent> stayed within acceptable think time.
2024-09-10 21:46:47,685 [BombeRLeWorld] INFO: STARTING STEP 46
2024-09-10 21:46:47,689 [BombeRLeWorld] INFO: Agent <rule_based_agent> chose action UP in 0.00s.
2024-09-10 21:46:47,689 [BombeRLeWorld] INFO: Agent <rule_based_agent> stayed within acceptable think time.
2024-09-10 21:46:47,787 [BombeRLeWorld] INFO: STARTING STEP 47
2024-09-10 21:46:47,790 [BombeRLeWorld] INFO: Agent <rule_based_agent> chose action UP in 0.00s.
2024-09-10 21:46:47,790 [BombeRLeWorld] INFO: Agent <rule_based_agent> stayed within acceptable think time.
2024-09-10 21:46:47,790 [BombeRLeWorld] INFO: Agent <rule_based_agent>'s bomb at (12, 9) explodes
2024-09-10 21:46:47,790 [BombeRLeWorld] INFO: Coin found at (15, 9)
2024-09-10 21:46:47,790 [BombeRLeWorld] INFO: Coin found at (11, 9)
2024-09-10 21:46:47,892 [BombeRLeWorld] INFO: STARTING STEP 48
2024-09-10 21:46:47,895 [BombeRLeWorld] INFO: Agent <rule_based_agent> chose action DOWN in 0.00s.
2024-09-10 21:46:47,896 [BombeRLeWorld] INFO: Agent <rule_based_agent> stayed within acceptable think time.
2024-09-10 21:46:47,992 [BombeRLeWorld] INFO: STARTING STEP 49
2024-09-10 21:46:47,994 [BombeRLeWorld] INFO: Agent <rule_based_agent> chose action DOWN in 0.00s.
2024-09-10 21:46:47,994 [BombeRLeWorld] INFO: Agent <rule_based_agent> stayed within acceptable think time.
2024-09-10 21:46:48,090 [BombeRLeWorld] INFO: STARTING STEP 50
2024-09-10 21:46:48,093 [BombeRLeWorld] INFO: Agent <rule_based_agent> chose action DOWN in 0.00s.
2024-09-10 21:46:48,093 [BombeRLeWorld] INFO: Agent <rule_based_agent> stayed within acceptable think time.
2024-09-10 21:46:48,189 [BombeRLeWorld] INFO: STARTING STEP 51
2024-09-10 21:46:48,191 [BombeRLeWorld] INFO: Agent <rule_based_agent> chose action LEFT in 0.00s.
2024-09-10 21:46:48,191 [BombeRLeWorld] INFO: Agent <rule_based_agent> stayed within acceptable think time.
2024-09-10 21:46:48,288 [BombeRLeWorld] INFO: STARTING STEP 52
2024-09-10 21:46:48,290 [BombeRLeWorld] INFO: Agent <rule_based_agent> chose action LEFT in 0.00s.
2024-09-10 21:46:48,290 [BombeRLeWorld] INFO: Agent <rule_based_agent> stayed within acceptable think time.
2024-09-10 21:46:48,290 [BombeRLeWorld] INFO: Agent <rule_based_agent> picked up coin at (11, 9) and receives 1 point
2024-09-10 21:46:48,387 [BombeRLeWorld] INFO: STARTING STEP 53
2024-09-10 21:46:48,389 [BombeRLeWorld] INFO: Agent <rule_based_agent> chose action LEFT in 0.00s.
2024-09-10 21:46:48,389 [BombeRLeWorld] INFO: Agent <rule_based_agent> stayed within acceptable think time.
2024-09-10 21:46:48,487 [BombeRLeWorld] INFO: STARTING STEP 54
2024-09-10 21:46:48,488 [BombeRLeWorld] INFO: Agent <rule_based_agent> chose action LEFT in 0.00s.
2024-09-10 21:46:48,488 [BombeRLeWorld] INFO: Agent <rule_based_agent> stayed within acceptable think time.
2024-09-10 21:46:48,588 [BombeRLeWorld] INFO: STARTING STEP 55
2024-09-10 21:46:48,589 [BombeRLeWorld] INFO: Agent <rule_based_agent> chose action BOMB in 0.00s.
2024-09-10 21:46:48,589 [BombeRLeWorld] INFO: Agent <rule_based_agent> stayed within acceptable think time.
2024-09-10 21:46:48,589 [BombeRLeWorld] INFO: Agent <rule_based_agent> drops bomb at (9, 9)
2024-09-10 21:46:48,691 [BombeRLeWorld] INFO: STARTING STEP 56
2024-09-10 21:46:48,696 [BombeRLeWorld] INFO: Agent <rule_based_agent> chose action RIGHT in 0.00s.
2024-09-10 21:46:48,696 [BombeRLeWorld] INFO: Agent <rule_based_agent> stayed within acceptable think time.
2024-09-10 21:46:48,796 [BombeRLeWorld] INFO: STARTING STEP 57
2024-09-10 21:46:48,799 [BombeRLeWorld] INFO: Agent <rule_based_agent> chose action RIGHT in 0.00s.
2024-09-10 21:46:48,800 [BombeRLeWorld] INFO: Agent <rule_based_agent> stayed within acceptable think time.
2024-09-10 21:46:48,886 [BombeRLeWorld] INFO: STARTING STEP 58
2024-09-10 21:46:48,887 [BombeRLeWorld] INFO: Agent <rule_based_agent> chose action RIGHT in 0.00s.
2024-09-10 21:46:48,887 [BombeRLeWorld] INFO: Agent <rule_based_agent> stayed within acceptable think time.
2024-09-10 21:46:48,992 [BombeRLeWorld] INFO: STARTING STEP 59
2024-09-10 21:46:48,995 [BombeRLeWorld] INFO: Agent <rule_based_agent> chose action RIGHT in 0.00s.
2024-09-10 21:46:48,995 [BombeRLeWorld] INFO: Agent <rule_based_agent> stayed within acceptable think time.
2024-09-10 21:46:48,995 [BombeRLeWorld] INFO: Agent <rule_based_agent>'s bomb at (9, 9) explodes
2024-09-10 21:46:49,091 [BombeRLeWorld] INFO: STARTING STEP 60
2024-09-10 21:46:49,092 [BombeRLeWorld] INFO: Agent <rule_based_agent> chose action RIGHT in 0.00s.
2024-09-10 21:46:49,092 [BombeRLeWorld] INFO: Agent <rule_based_agent> stayed within acceptable think time.
2024-09-10 21:46:49,190 [BombeRLeWorld] INFO: STARTING STEP 61
2024-09-10 21:46:49,191 [BombeRLeWorld] INFO: Agent <rule_based_agent> chose action RIGHT in 0.00s.
2024-09-10 21:46:49,191 [BombeRLeWorld] INFO: Agent <rule_based_agent> stayed within acceptable think time.
2024-09-10 21:46:49,191 [BombeRLeWorld] INFO: Agent <rule_based_agent> picked up coin at (15, 9) and receives 1 point
2024-09-10 21:46:49,293 [BombeRLeWorld] INFO: STARTING STEP 62
2024-09-10 21:46:49,294 [BombeRLeWorld] INFO: Agent <rule_based_agent> chose action UP in 0.00s.
2024-09-10 21:46:49,294 [BombeRLeWorld] INFO: Agent <rule_based_agent> stayed within acceptable think time.
2024-09-10 21:46:49,393 [BombeRLeWorld] INFO: STARTING STEP 63
2024-09-10 21:46:49,396 [BombeRLeWorld] INFO: Agent <rule_based_agent> chose action BOMB in 0.00s.
2024-09-10 21:46:49,396 [BombeRLeWorld] INFO: Agent <rule_based_agent> stayed within acceptable think time.
2024-09-10 21:46:49,396 [BombeRLeWorld] INFO: Agent <rule_based_agent> drops bomb at (15, 8)
2024-09-10 21:46:49,487 [BombeRLeWorld] INFO: STARTING STEP 64
2024-09-10 21:46:49,489 [BombeRLeWorld] INFO: Agent <rule_based_agent> chose action DOWN in 0.00s.
2024-09-10 21:46:49,489 [BombeRLeWorld] INFO: Agent <rule_based_agent> stayed within acceptable think time.
2024-09-10 21:46:49,590 [BombeRLeWorld] INFO: STARTING STEP 65
2024-09-10 21:46:49,593 [BombeRLeWorld] INFO: Agent <rule_based_agent> chose action LEFT in 0.00s.
2024-09-10 21:46:49,593 [BombeRLeWorld] INFO: Agent <rule_based_agent> stayed within acceptable think time.
2024-09-10 21:46:49,690 [BombeRLeWorld] INFO: STARTING STEP 66
2024-09-10 21:46:49,693 [BombeRLeWorld] INFO: Agent <rule_based_agent> chose action LEFT in 0.00s.
2024-09-10 21:46:49,693 [BombeRLeWorld] INFO: Agent <rule_based_agent> stayed within acceptable think time.
2024-09-10 21:46:49,789 [BombeRLeWorld] INFO: STARTING STEP 67
2024-09-10 21:46:49,793 [BombeRLeWorld] INFO: Agent <rule_based_agent> chose action LEFT in 0.00s.
2024-09-10 21:46:49,793 [BombeRLeWorld] INFO: Agent <rule_based_agent> stayed within acceptable think time.
2024-09-10 21:46:49,793 [BombeRLeWorld] INFO: Agent <rule_based_agent>'s bomb at (15, 8) explodes
2024-09-10 21:46:49,793 [BombeRLeWorld] INFO: Coin found at (15, 10)
2024-09-10 21:46:49,895 [BombeRLeWorld] INFO: STARTING STEP 68
2024-09-10 21:46:49,901 [BombeRLeWorld] INFO: Agent <rule_based_agent> chose action RIGHT in 0.01s.
2024-09-10 21:46:49,902 [BombeRLeWorld] INFO: Agent <rule_based_agent> stayed within acceptable think time.
2024-09-10 21:46:49,996 [BombeRLeWorld] INFO: STARTING STEP 69
2024-09-10 21:46:49,999 [BombeRLeWorld] INFO: Agent <rule_based_agent> chose action RIGHT in 0.00s.
2024-09-10 21:46:50,000 [BombeRLeWorld] INFO: Agent <rule_based_agent> stayed within acceptable think time.
2024-09-10 21:46:50,094 [BombeRLeWorld] INFO: STARTING STEP 70
2024-09-10 21:46:50,097 [BombeRLeWorld] INFO: Agent <rule_based_agent> chose action RIGHT in 0.00s.
2024-09-10 21:46:50,097 [BombeRLeWorld] INFO: Agent <rule_based_agent> stayed within acceptable think time.
2024-09-10 21:46:50,193 [BombeRLeWorld] INFO: STARTING STEP 71
2024-09-10 21:46:50,194 [BombeRLeWorld] INFO: Agent <rule_based_agent> chose action DOWN in 0.00s.
2024-09-10 21:46:50,194 [BombeRLeWorld] INFO: Agent <rule_based_agent> stayed within acceptable think time.
2024-09-10 21:46:50,194 [BombeRLeWorld] INFO: Agent <rule_based_agent> picked up coin at (15, 10) and receives 1 point
2024-09-10 21:46:50,289 [BombeRLeWorld] INFO: STARTING STEP 72
2024-09-10 21:46:50,291 [BombeRLeWorld] INFO: Agent <rule_based_agent> chose action DOWN in 0.00s.
2024-09-10 21:46:50,291 [BombeRLeWorld] INFO: Agent <rule_based_agent> stayed within acceptable think time.
2024-09-10 21:46:50,391 [BombeRLeWorld] INFO: STARTING STEP 73
2024-09-10 21:46:50,393 [BombeRLeWorld] INFO: Agent <rule_based_agent> chose action BOMB in 0.00s.
2024-09-10 21:46:50,393 [BombeRLeWorld] INFO: Agent <rule_based_agent> stayed within acceptable think time.
2024-09-10 21:46:50,393 [BombeRLeWorld] INFO: Agent <rule_based_agent> drops bomb at (15, 11)
2024-09-10 21:46:50,489 [BombeRLeWorld] INFO: STARTING STEP 74
2024-09-10 21:46:50,493 [BombeRLeWorld] INFO: Agent <rule_based_agent> chose action UP in 0.00s.
2024-09-10 21:46:50,493 [BombeRLeWorld] INFO: Agent <rule_based_agent> stayed within acceptable think time.
2024-09-10 21:46:50,591 [BombeRLeWorld] INFO: STARTING STEP 75
2024-09-10 21:46:50,595 [BombeRLeWorld] INFO: Agent <rule_based_agent> chose action UP in 0.00s.
2024-09-10 21:46:50,595 [BombeRLeWorld] INFO: Agent <rule_based_agent> stayed within acceptable think time.
2024-09-10 21:46:50,690 [BombeRLeWorld] INFO: STARTING STEP 76
2024-09-10 21:46:50,694 [BombeRLeWorld] INFO: Agent <rule_based_agent> chose action LEFT in 0.00s.
2024-09-10 21:46:50,694 [BombeRLeWorld] INFO: Agent <rule_based_agent> stayed within acceptable think time.
2024-09-10 21:46:50,792 [BombeRLeWorld] INFO: STARTING STEP 77
2024-09-10 21:46:50,795 [BombeRLeWorld] INFO: Agent <rule_based_agent> chose action LEFT in 0.00s.
2024-09-10 21:46:50,795 [BombeRLeWorld] INFO: Agent <rule_based_agent> stayed within acceptable think time.
2024-09-10 21:46:50,795 [BombeRLeWorld] INFO: Agent <rule_based_agent>'s bomb at (15, 11) explodes
2024-09-10 21:46:50,796 [BombeRLeWorld] INFO: Coin found at (15, 12)
2024-09-10 21:46:50,891 [BombeRLeWorld] INFO: STARTING STEP 78
2024-09-10 21:46:50,894 [BombeRLeWorld] INFO: Agent <rule_based_agent> chose action RIGHT in 0.00s.
2024-09-10 21:46:50,894 [BombeRLeWorld] INFO: Agent <rule_based_agent> stayed within acceptable think time.
2024-09-10 21:46:50,992 [BombeRLeWorld] INFO: STARTING STEP 79
2024-09-10 21:46:50,995 [BombeRLeWorld] INFO: Agent <rule_based_agent> chose action RIGHT in 0.00s.
2024-09-10 21:46:50,995 [BombeRLeWorld] INFO: Agent <rule_based_agent> stayed within acceptable think time.
2024-09-10 21:46:51,090 [BombeRLeWorld] INFO: STARTING STEP 80
2024-09-10 21:46:51,092 [BombeRLeWorld] INFO: Agent <rule_based_agent> chose action DOWN in 0.00s.
2024-09-10 21:46:51,092 [BombeRLeWorld] INFO: Agent <rule_based_agent> stayed within acceptable think time.
2024-09-10 21:46:51,193 [BombeRLeWorld] INFO: STARTING STEP 81
2024-09-10 21:46:51,194 [BombeRLeWorld] INFO: Agent <rule_based_agent> chose action DOWN in 0.00s.
2024-09-10 21:46:51,194 [BombeRLeWorld] INFO: Agent <rule_based_agent> stayed within acceptable think time.
2024-09-10 21:46:51,291 [BombeRLeWorld] INFO: STARTING STEP 82
2024-09-10 21:46:51,292 [BombeRLeWorld] INFO: Agent <rule_based_agent> chose action DOWN in 0.00s.
2024-09-10 21:46:51,292 [BombeRLeWorld] INFO: Agent <rule_based_agent> stayed within acceptable think time.
2024-09-10 21:46:51,292 [BombeRLeWorld] INFO: Agent <rule_based_agent> picked up coin at (15, 12) and receives 1 point
2024-09-10 21:46:51,393 [BombeRLeWorld] INFO: STARTING STEP 83
2024-09-10 21:46:51,395 [BombeRLeWorld] INFO: Agent <rule_based_agent> chose action DOWN in 0.00s.
2024-09-10 21:46:51,395 [BombeRLeWorld] INFO: Agent <rule_based_agent> stayed within acceptable think time.
2024-09-10 21:46:51,492 [BombeRLeWorld] INFO: STARTING STEP 84
2024-09-10 21:46:51,493 [BombeRLeWorld] INFO: Agent <rule_based_agent> chose action LEFT in 0.00s.
2024-09-10 21:46:51,493 [BombeRLeWorld] INFO: Agent <rule_based_agent> stayed within acceptable think time.
2024-09-10 21:46:51,594 [BombeRLeWorld] INFO: STARTING STEP 85
2024-09-10 21:46:51,595 [BombeRLeWorld] INFO: Agent <rule_based_agent> chose action BOMB in 0.00s.
2024-09-10 21:46:51,595 [BombeRLeWorld] INFO: Agent <rule_based_agent> stayed within acceptable think time.
2024-09-10 21:46:51,595 [BombeRLeWorld] INFO: Agent <rule_based_agent> drops bomb at (14, 13)
2024-09-10 21:46:51,691 [BombeRLeWorld] INFO: STARTING STEP 86
2024-09-10 21:46:51,693 [BombeRLeWorld] INFO: Agent <rule_based_agent> chose action RIGHT in 0.00s.
2024-09-10 21:46:51,693 [BombeRLeWorld] INFO: Agent <rule_based_agent> stayed within acceptable think time.
2024-09-10 21:46:51,794 [BombeRLeWorld] INFO: STARTING STEP 87
2024-09-10 21:46:51,795 [BombeRLeWorld] INFO: Agent <rule_based_agent> chose action DOWN in 0.00s.
2024-09-10 21:46:51,795 [BombeRLeWorld] INFO: Agent <rule_based_agent> stayed within acceptable think time.
2024-09-10 21:46:51,897 [BombeRLeWorld] INFO: STARTING STEP 88
2024-09-10 21:46:51,899 [BombeRLeWorld] INFO: Agent <rule_based_agent> chose action DOWN in 0.00s.
2024-09-10 21:46:51,899 [BombeRLeWorld] INFO: Agent <rule_based_agent> stayed within acceptable think time.
2024-09-10 21:46:51,993 [BombeRLeWorld] INFO: STARTING STEP 89
2024-09-10 21:46:51,995 [BombeRLeWorld] INFO: Agent <rule_based_agent> chose action UP in 0.00s.
2024-09-10 21:46:51,995 [BombeRLeWorld] INFO: Agent <rule_based_agent> stayed within acceptable think time.
2024-09-10 21:46:51,995 [BombeRLeWorld] INFO: Agent <rule_based_agent>'s bomb at (14, 13) explodes
2024-09-10 21:46:52,093 [BombeRLeWorld] INFO: STARTING STEP 90
2024-09-10 21:46:52,094 [BombeRLeWorld] INFO: Agent <rule_based_agent> chose action DOWN in 0.00s.
2024-09-10 21:46:52,094 [BombeRLeWorld] INFO: Agent <rule_based_agent> stayed within acceptable think time.
2024-09-10 21:46:52,194 [BombeRLeWorld] INFO: STARTING STEP 91
2024-09-10 21:46:52,195 [BombeRLeWorld] INFO: Agent <rule_based_agent> chose action LEFT in 0.00s.
2024-09-10 21:46:52,195 [BombeRLeWorld] INFO: Agent <rule_based_agent> stayed within acceptable think time.
2024-09-10 21:46:52,293 [BombeRLeWorld] INFO: STARTING STEP 92
2024-09-10 21:46:52,294 [BombeRLeWorld] INFO: Agent <rule_based_agent> chose action BOMB in 0.00s.
2024-09-10 21:46:52,294 [BombeRLeWorld] INFO: Agent <rule_based_agent> stayed within acceptable think time.
2024-09-10 21:46:52,294 [BombeRLeWorld] INFO: Agent <rule_based_agent> drops bomb at (14, 15)
2024-09-10 21:46:52,394 [BombeRLeWorld] INFO: STARTING STEP 93
2024-09-10 21:46:52,396 [BombeRLeWorld] INFO: Agent <rule_based_agent> chose action RIGHT in 0.00s.
2024-09-10 21:46:52,396 [BombeRLeWorld] INFO: Agent <rule_based_agent> stayed within acceptable think time.
2024-09-10 21:46:52,493 [BombeRLeWorld] INFO: STARTING STEP 94
2024-09-10 21:46:52,495 [BombeRLeWorld] INFO: Agent <rule_based_agent> chose action UP in 0.00s.
2024-09-10 21:46:52,495 [BombeRLeWorld] INFO: Agent <rule_based_agent> stayed within acceptable think time.
2024-09-10 21:46:52,594 [BombeRLeWorld] INFO: STARTING STEP 95
2024-09-10 21:46:52,596 [BombeRLeWorld] INFO: Agent <rule_based_agent> chose action UP in 0.00s.
2024-09-10 21:46:52,596 [BombeRLeWorld] INFO: Agent <rule_based_agent> stayed within acceptable think time.
2024-09-10 21:46:52,693 [BombeRLeWorld] INFO: STARTING STEP 96
2024-09-10 21:46:52,695 [BombeRLeWorld] INFO: Agent <rule_based_agent> chose action DOWN in 0.00s.
2024-09-10 21:46:52,695 [BombeRLeWorld] INFO: Agent <rule_based_agent> stayed within acceptable think time.
2024-09-10 21:46:52,695 [BombeRLeWorld] INFO: Agent <rule_based_agent>'s bomb at (14, 15) explodes
2024-09-10 21:46:52,796 [BombeRLeWorld] INFO: STARTING STEP 97
2024-09-10 21:46:52,798 [BombeRLeWorld] INFO: Agent <rule_based_agent> chose action UP in 0.00s.
2024-09-10 21:46:52,798 [BombeRLeWorld] INFO: Agent <rule_based_agent> stayed within acceptable think time.
2024-09-10 21:46:52,894 [BombeRLeWorld] INFO: STARTING STEP 98
2024-09-10 21:46:52,896 [BombeRLeWorld] INFO: Agent <rule_based_agent> chose action LEFT in 0.00s.
2024-09-10 21:46:52,896 [BombeRLeWorld] INFO: Agent <rule_based_agent> stayed within acceptable think time.
2024-09-10 21:46:53,001 [BombeRLeWorld] INFO: STARTING STEP 99
2024-09-10 21:46:53,003 [BombeRLeWorld] INFO: Agent <rule_based_agent> chose action LEFT in 0.00s.
2024-09-10 21:46:53,003 [BombeRLeWorld] INFO: Agent <rule_based_agent> stayed within acceptable think time.
2024-09-10 21:46:53,094 [BombeRLeWorld] INFO: STARTING STEP 100
2024-09-10 21:46:53,096 [BombeRLeWorld] INFO: Agent <rule_based_agent> chose action LEFT in 0.00s.
2024-09-10 21:46:53,096 [BombeRLeWorld] INFO: Agent <rule_based_agent> stayed within acceptable think time.
2024-09-10 21:46:53,198 [BombeRLeWorld] INFO: STARTING STEP 101
2024-09-10 21:46:53,200 [BombeRLeWorld] INFO: Agent <rule_based_agent> chose action LEFT in 0.00s.
2024-09-10 21:46:53,200 [BombeRLeWorld] INFO: Agent <rule_based_agent> stayed within acceptable think time.
2024-09-10 21:46:53,297 [BombeRLeWorld] INFO: STARTING STEP 102
2024-09-10 21:46:53,299 [BombeRLeWorld] INFO: Agent <rule_based_agent> chose action BOMB in 0.00s.
2024-09-10 21:46:53,299 [BombeRLeWorld] INFO: Agent <rule_based_agent> stayed within acceptable think time.
2024-09-10 21:46:53,299 [BombeRLeWorld] INFO: Agent <rule_based_agent> drops bomb at (11, 13)
2024-09-10 21:46:53,393 [BombeRLeWorld] INFO: STARTING STEP 103
2024-09-10 21:46:53,395 [BombeRLeWorld] INFO: Agent <rule_based_agent> chose action RIGHT in 0.00s.
2024-09-10 21:46:53,395 [BombeRLeWorld] INFO: Agent <rule_based_agent> stayed within acceptable think time.
2024-09-10 21:46:53,495 [BombeRLeWorld] INFO: STARTING STEP 104
2024-09-10 21:46:53,497 [BombeRLeWorld] INFO: Agent <rule_based_agent> chose action RIGHT in 0.00s.
2024-09-10 21:46:53,497 [BombeRLeWorld] INFO: Agent <rule_based_agent> stayed within acceptable think time.
2024-09-10 21:46:53,599 [BombeRLeWorld] INFO: STARTING STEP 105
2024-09-10 21:46:53,602 [BombeRLeWorld] INFO: Agent <rule_based_agent> chose action RIGHT in 0.00s.
2024-09-10 21:46:53,602 [BombeRLeWorld] INFO: Agent <rule_based_agent> stayed within acceptable think time.
2024-09-10 21:46:53,698 [BombeRLeWorld] INFO: STARTING STEP 106
2024-09-10 21:46:53,702 [BombeRLeWorld] INFO: Agent <rule_based_agent> chose action RIGHT in 0.00s.
2024-09-10 21:46:53,702 [BombeRLeWorld] INFO: Agent <rule_based_agent> stayed within acceptable think time.
2024-09-10 21:46:53,703 [BombeRLeWorld] INFO: Agent <rule_based_agent>'s bomb at (11, 13) explodes
2024-09-10 21:46:53,800 [BombeRLeWorld] INFO: STARTING STEP 107
2024-09-10 21:46:53,807 [BombeRLeWorld] INFO: Agent <rule_based_agent> chose action UP in 0.01s.
2024-09-10 21:46:53,807 [BombeRLeWorld] INFO: Agent <rule_based_agent> stayed within acceptable think time.
2024-09-10 21:46:53,901 [BombeRLeWorld] INFO: STARTING STEP 108
2024-09-10 21:46:53,910 [BombeRLeWorld] INFO: Agent <rule_based_agent> chose action DOWN in 0.01s.
2024-09-10 21:46:53,910 [BombeRLeWorld] INFO: Agent <rule_based_agent> stayed within acceptable think time.
2024-09-10 21:46:54,001 [BombeRLeWorld] INFO: STARTING STEP 109
2024-09-10 21:46:54,008 [BombeRLeWorld] INFO: Agent <rule_based_agent> chose action LEFT in 0.01s.
2024-09-10 21:46:54,008 [BombeRLeWorld] INFO: Agent <rule_based_agent> stayed within acceptable think time.
2024-09-10 21:46:54,101 [BombeRLeWorld] INFO: STARTING STEP 110
2024-09-10 21:46:54,107 [BombeRLeWorld] INFO: Agent <rule_based_agent> chose action LEFT in 0.01s.
2024-09-10 21:46:54,107 [BombeRLeWorld] INFO: Agent <rule_based_agent> stayed within acceptable think time.
2024-09-10 21:46:54,203 [BombeRLeWorld] INFO: STARTING STEP 111
2024-09-10 21:46:54,210 [BombeRLeWorld] INFO: Agent <rule_based_agent> chose action LEFT in 0.01s.
2024-09-10 21:46:54,210 [BombeRLeWorld] INFO: Agent <rule_based_agent> stayed within acceptable think time.
2024-09-10 21:46:54,297 [BombeRLeWorld] INFO: STARTING STEP 112
2024-09-10 21:46:54,299 [BombeRLeWorld] INFO: Agent <rule_based_agent> chose action LEFT in 0.00s.
2024-09-10 21:46:54,299 [BombeRLeWorld] INFO: Agent <rule_based_agent> stayed within acceptable think time.
2024-09-10 21:46:54,400 [BombeRLeWorld] INFO: STARTING STEP 113
2024-09-10 21:46:54,402 [BombeRLeWorld] INFO: Agent <rule_based_agent> chose action LEFT in 0.00s.
2024-09-10 21:46:54,402 [BombeRLeWorld] INFO: Agent <rule_based_agent> stayed within acceptable think time.
2024-09-10 21:46:54,497 [BombeRLeWorld] INFO: STARTING STEP 114
2024-09-10 21:46:54,498 [BombeRLeWorld] INFO: Agent <rule_based_agent> chose action LEFT in 0.00s.
2024-09-10 21:46:54,498 [BombeRLeWorld] INFO: Agent <rule_based_agent> stayed within acceptable think time.
2024-09-10 21:46:54,598 [BombeRLeWorld] INFO: STARTING STEP 115
2024-09-10 21:46:54,599 [BombeRLeWorld] INFO: Agent <rule_based_agent> chose action LEFT in 0.00s.
2024-09-10 21:46:54,600 [BombeRLeWorld] INFO: Agent <rule_based_agent> stayed within acceptable think time.
2024-09-10 21:46:54,697 [BombeRLeWorld] INFO: STARTING STEP 116
2024-09-10 21:46:54,698 [BombeRLeWorld] INFO: Agent <rule_based_agent> chose action BOMB in 0.00s.
2024-09-10 21:46:54,698 [BombeRLeWorld] INFO: Agent <rule_based_agent> stayed within acceptable think time.
2024-09-10 21:46:54,698 [BombeRLeWorld] INFO: Agent <rule_based_agent> drops bomb at (8, 13)
2024-09-10 21:46:54,800 [BombeRLeWorld] INFO: STARTING STEP 117
2024-09-10 21:46:54,803 [BombeRLeWorld] INFO: Agent <rule_based_agent> chose action RIGHT in 0.00s.
2024-09-10 21:46:54,803 [BombeRLeWorld] INFO: Agent <rule_based_agent> stayed within acceptable think time.
2024-09-10 21:46:54,897 [BombeRLeWorld] INFO: STARTING STEP 118
2024-09-10 21:46:54,901 [BombeRLeWorld] INFO: Agent <rule_based_agent> chose action UP in 0.00s.
2024-09-10 21:46:54,901 [BombeRLeWorld] INFO: Agent <rule_based_agent> stayed within acceptable think time.
2024-09-10 21:46:54,999 [BombeRLeWorld] INFO: STARTING STEP 119
2024-09-10 21:46:55,002 [BombeRLeWorld] INFO: Agent <rule_based_agent> chose action UP in 0.00s.
2024-09-10 21:46:55,002 [BombeRLeWorld] INFO: Agent <rule_based_agent> stayed within acceptable think time.
2024-09-10 21:46:55,097 [BombeRLeWorld] INFO: STARTING STEP 120
2024-09-10 21:46:55,100 [BombeRLeWorld] INFO: Agent <rule_based_agent> chose action UP in 0.00s.
2024-09-10 21:46:55,100 [BombeRLeWorld] INFO: Agent <rule_based_agent> stayed within acceptable think time.
2024-09-10 21:46:55,100 [BombeRLeWorld] INFO: Agent <rule_based_agent>'s bomb at (8, 13) explodes
2024-09-10 21:46:55,200 [BombeRLeWorld] INFO: STARTING STEP 121
2024-09-10 21:46:55,202 [BombeRLeWorld] INFO: Agent <rule_based_agent> chose action UP in 0.00s.
2024-09-10 21:46:55,202 [BombeRLeWorld] INFO: Agent <rule_based_agent> stayed within acceptable think time.
2024-09-10 21:46:55,299 [BombeRLeWorld] INFO: STARTING STEP 122
2024-09-10 21:46:55,301 [BombeRLeWorld] INFO: Agent <rule_based_agent> chose action UP in 0.00s.
2024-09-10 21:46:55,301 [BombeRLeWorld] INFO: Agent <rule_based_agent> stayed within acceptable think time.
2024-09-10 21:46:55,399 [BombeRLeWorld] INFO: STARTING STEP 123
2024-09-10 21:46:55,401 [BombeRLeWorld] INFO: Agent <rule_based_agent> chose action UP in 0.00s.
2024-09-10 21:46:55,401 [BombeRLeWorld] INFO: Agent <rule_based_agent> stayed within acceptable think time.
2024-09-10 21:46:55,498 [BombeRLeWorld] INFO: STARTING STEP 124
2024-09-10 21:46:55,500 [BombeRLeWorld] INFO: Agent <rule_based_agent> chose action UP in 0.00s.
2024-09-10 21:46:55,500 [BombeRLeWorld] INFO: Agent <rule_based_agent> stayed within acceptable think time.
2024-09-10 21:46:55,601 [BombeRLeWorld] INFO: STARTING STEP 125
2024-09-10 21:46:55,602 [BombeRLeWorld] INFO: Agent <rule_based_agent> chose action BOMB in 0.00s.
2024-09-10 21:46:55,602 [BombeRLeWorld] INFO: Agent <rule_based_agent> stayed within acceptable think time.
2024-09-10 21:46:55,602 [BombeRLeWorld] INFO: Agent <rule_based_agent> drops bomb at (9, 6)
2024-09-10 21:46:55,704 [BombeRLeWorld] INFO: STARTING STEP 126
2024-09-10 21:46:55,707 [BombeRLeWorld] INFO: Agent <rule_based_agent> chose action DOWN in 0.00s.
2024-09-10 21:46:55,707 [BombeRLeWorld] INFO: Agent <rule_based_agent> stayed within acceptable think time.
2024-09-10 21:46:55,806 [BombeRLeWorld] INFO: STARTING STEP 127
2024-09-10 21:46:55,809 [BombeRLeWorld] INFO: Agent <rule_based_agent> chose action DOWN in 0.00s.
2024-09-10 21:46:55,809 [BombeRLeWorld] INFO: Agent <rule_based_agent> stayed within acceptable think time.
2024-09-10 21:46:55,904 [BombeRLeWorld] INFO: STARTING STEP 128
2024-09-10 21:46:55,909 [BombeRLeWorld] INFO: Agent <rule_based_agent> chose action DOWN in 0.00s.
2024-09-10 21:46:55,909 [BombeRLeWorld] INFO: Agent <rule_based_agent> stayed within acceptable think time.
2024-09-10 21:46:56,002 [BombeRLeWorld] INFO: STARTING STEP 129
2024-09-10 21:46:56,004 [BombeRLeWorld] INFO: Agent <rule_based_agent> chose action RIGHT in 0.00s.
2024-09-10 21:46:56,004 [BombeRLeWorld] INFO: Agent <rule_based_agent> stayed within acceptable think time.
2024-09-10 21:46:56,004 [BombeRLeWorld] INFO: Agent <rule_based_agent>'s bomb at (9, 6) explodes
2024-09-10 21:46:56,101 [BombeRLeWorld] INFO: STARTING STEP 130
2024-09-10 21:46:56,104 [BombeRLeWorld] INFO: Agent <rule_based_agent> chose action RIGHT in 0.00s.
2024-09-10 21:46:56,104 [BombeRLeWorld] INFO: Agent <rule_based_agent> stayed within acceptable think time.
2024-09-10 21:46:56,202 [BombeRLeWorld] INFO: STARTING STEP 131
2024-09-10 21:46:56,205 [BombeRLeWorld] INFO: Agent <rule_based_agent> chose action LEFT in 0.00s.
2024-09-10 21:46:56,205 [BombeRLeWorld] INFO: Agent <rule_based_agent> stayed within acceptable think time.
2024-09-10 21:46:56,301 [BombeRLeWorld] INFO: STARTING STEP 132
2024-09-10 21:46:56,303 [BombeRLeWorld] INFO: Agent <rule_based_agent> chose action LEFT in 0.00s.
2024-09-10 21:46:56,303 [BombeRLeWorld] INFO: Agent <rule_based_agent> stayed within acceptable think time.
2024-09-10 21:46:56,402 [BombeRLeWorld] INFO: STARTING STEP 133
2024-09-10 21:46:56,404 [BombeRLeWorld] INFO: Agent <rule_based_agent> chose action LEFT in 0.00s.
2024-09-10 21:46:56,404 [BombeRLeWorld] INFO: Agent <rule_based_agent> stayed within acceptable think time.
2024-09-10 21:46:56,500 [BombeRLeWorld] INFO: STARTING STEP 134
2024-09-10 21:46:56,502 [BombeRLeWorld] INFO: Agent <rule_based_agent> chose action LEFT in 0.00s.
2024-09-10 21:46:56,502 [BombeRLeWorld] INFO: Agent <rule_based_agent> stayed within acceptable think time.
2024-09-10 21:46:56,603 [BombeRLeWorld] INFO: STARTING STEP 135
2024-09-10 21:46:56,604 [BombeRLeWorld] INFO: Agent <rule_based_agent> chose action LEFT in 0.00s.
2024-09-10 21:46:56,604 [BombeRLeWorld] INFO: Agent <rule_based_agent> stayed within acceptable think time.
2024-09-10 21:46:56,701 [BombeRLeWorld] INFO: STARTING STEP 136
2024-09-10 21:46:56,702 [BombeRLeWorld] INFO: Agent <rule_based_agent> chose action BOMB in 0.00s.
2024-09-10 21:46:56,702 [BombeRLeWorld] INFO: Agent <rule_based_agent> stayed within acceptable think time.
2024-09-10 21:46:56,702 [BombeRLeWorld] INFO: Agent <rule_based_agent> drops bomb at (6, 9)
2024-09-10 21:46:56,804 [BombeRLeWorld] INFO: STARTING STEP 137
2024-09-10 21:46:56,808 [BombeRLeWorld] INFO: Agent <rule_based_agent> chose action RIGHT in 0.00s.
2024-09-10 21:46:56,808 [BombeRLeWorld] INFO: Agent <rule_based_agent> stayed within acceptable think time.
2024-09-10 21:46:56,901 [BombeRLeWorld] INFO: STARTING STEP 138
2024-09-10 21:46:56,905 [BombeRLeWorld] INFO: Agent <rule_based_agent> chose action RIGHT in 0.00s.
2024-09-10 21:46:56,905 [BombeRLeWorld] INFO: Agent <rule_based_agent> stayed within acceptable think time.
2024-09-10 21:46:57,002 [BombeRLeWorld] INFO: STARTING STEP 139
2024-09-10 21:46:57,006 [BombeRLeWorld] INFO: Agent <rule_based_agent> chose action RIGHT in 0.00s.
2024-09-10 21:46:57,006 [BombeRLeWorld] INFO: Agent <rule_based_agent> stayed within acceptable think time.
2024-09-10 21:46:57,114 [BombeRLeWorld] INFO: STARTING STEP 140
2024-09-10 21:46:57,123 [BombeRLeWorld] INFO: Agent <rule_based_agent> chose action DOWN in 0.01s.
2024-09-10 21:46:57,123 [BombeRLeWorld] INFO: Agent <rule_based_agent> stayed within acceptable think time.
2024-09-10 21:46:57,123 [BombeRLeWorld] INFO: Agent <rule_based_agent>'s bomb at (6, 9) explodes
2024-09-10 21:46:57,205 [BombeRLeWorld] INFO: STARTING STEP 141
2024-09-10 21:46:57,208 [BombeRLeWorld] INFO: Agent <rule_based_agent> chose action DOWN in 0.00s.
2024-09-10 21:46:57,209 [BombeRLeWorld] INFO: Agent <rule_based_agent> stayed within acceptable think time.
2024-09-10 21:46:57,302 [BombeRLeWorld] INFO: STARTING STEP 142
2024-09-10 21:46:57,304 [BombeRLeWorld] INFO: Agent <rule_based_agent> chose action DOWN in 0.00s.
2024-09-10 21:46:57,304 [BombeRLeWorld] INFO: Agent <rule_based_agent> stayed within acceptable think time.
2024-09-10 21:46:57,403 [BombeRLeWorld] INFO: STARTING STEP 143
2024-09-10 21:46:57,406 [BombeRLeWorld] INFO: Agent <rule_based_agent> chose action DOWN in 0.00s.
2024-09-10 21:46:57,406 [BombeRLeWorld] INFO: Agent <rule_based_agent> stayed within acceptable think time.
2024-09-10 21:46:57,502 [BombeRLeWorld] INFO: STARTING STEP 144
2024-09-10 21:46:57,505 [BombeRLeWorld] INFO: Agent <rule_based_agent> chose action LEFT in 0.00s.
2024-09-10 21:46:57,505 [BombeRLeWorld] INFO: Agent <rule_based_agent> stayed within acceptable think time.
2024-09-10 21:46:57,605 [BombeRLeWorld] INFO: STARTING STEP 145
2024-09-10 21:46:57,606 [BombeRLeWorld] INFO: Agent <rule_based_agent> chose action LEFT in 0.00s.
2024-09-10 21:46:57,606 [BombeRLeWorld] INFO: Agent <rule_based_agent> stayed within acceptable think time.
2024-09-10 21:46:57,702 [BombeRLeWorld] INFO: STARTING STEP 146
2024-09-10 21:46:57,703 [BombeRLeWorld] INFO: Agent <rule_based_agent> chose action LEFT in 0.00s.
2024-09-10 21:46:57,703 [BombeRLeWorld] INFO: Agent <rule_based_agent> stayed within acceptable think time.
2024-09-10 21:46:57,803 [BombeRLeWorld] INFO: STARTING STEP 147
2024-09-10 21:46:57,804 [BombeRLeWorld] INFO: Agent <rule_based_agent> chose action LEFT in 0.00s.
2024-09-10 21:46:57,804 [BombeRLeWorld] INFO: Agent <rule_based_agent> stayed within acceptable think time.
2024-09-10 21:46:57,917 [BombeRLeWorld] INFO: STARTING STEP 148
2024-09-10 21:46:57,921 [BombeRLeWorld] INFO: Agent <rule_based_agent> chose action BOMB in 0.00s.
2024-09-10 21:46:57,921 [BombeRLeWorld] INFO: Agent <rule_based_agent> stayed within acceptable think time.
2024-09-10 21:46:57,921 [BombeRLeWorld] INFO: Agent <rule_based_agent> drops bomb at (5, 13)
2024-09-10 21:46:58,007 [BombeRLeWorld] INFO: STARTING STEP 149
2024-09-10 21:46:58,013 [BombeRLeWorld] INFO: Agent <rule_based_agent> chose action RIGHT in 0.01s.
2024-09-10 21:46:58,013 [BombeRLeWorld] INFO: Agent <rule_based_agent> stayed within acceptable think time.
2024-09-10 21:46:58,107 [BombeRLeWorld] INFO: STARTING STEP 150
2024-09-10 21:46:58,115 [BombeRLeWorld] INFO: Agent <rule_based_agent> chose action RIGHT in 0.01s.
2024-09-10 21:46:58,115 [BombeRLeWorld] INFO: Agent <rule_based_agent> stayed within acceptable think time.
2024-09-10 21:46:58,206 [BombeRLeWorld] INFO: STARTING STEP 151
2024-09-10 21:46:58,211 [BombeRLeWorld] INFO: Agent <rule_based_agent> chose action RIGHT in 0.00s.
2024-09-10 21:46:58,211 [BombeRLeWorld] INFO: Agent <rule_based_agent> stayed within acceptable think time.
2024-09-10 21:46:58,306 [BombeRLeWorld] INFO: STARTING STEP 152
2024-09-10 21:46:58,312 [BombeRLeWorld] INFO: Agent <rule_based_agent> chose action RIGHT in 0.01s.
2024-09-10 21:46:58,312 [BombeRLeWorld] INFO: Agent <rule_based_agent> stayed within acceptable think time.
2024-09-10 21:46:58,312 [BombeRLeWorld] INFO: Agent <rule_based_agent>'s bomb at (5, 13) explodes
2024-09-10 21:46:58,405 [BombeRLeWorld] INFO: STARTING STEP 153
2024-09-10 21:46:58,410 [BombeRLeWorld] INFO: Agent <rule_based_agent> chose action UP in 0.00s.
2024-09-10 21:46:58,410 [BombeRLeWorld] INFO: Agent <rule_based_agent> stayed within acceptable think time.
2024-09-10 21:46:58,504 [BombeRLeWorld] INFO: STARTING STEP 154
2024-09-10 21:46:58,508 [BombeRLeWorld] INFO: Agent <rule_based_agent> chose action UP in 0.00s.
2024-09-10 21:46:58,508 [BombeRLeWorld] INFO: Agent <rule_based_agent> stayed within acceptable think time.
2024-09-10 21:46:58,605 [BombeRLeWorld] INFO: STARTING STEP 155
2024-09-10 21:46:58,609 [BombeRLeWorld] INFO: Agent <rule_based_agent> chose action UP in 0.00s.
2024-09-10 21:46:58,609 [BombeRLeWorld] INFO: Agent <rule_based_agent> stayed within acceptable think time.
2024-09-10 21:46:58,704 [BombeRLeWorld] INFO: STARTING STEP 156
2024-09-10 21:46:58,707 [BombeRLeWorld] INFO: Agent <rule_based_agent> chose action UP in 0.00s.
2024-09-10 21:46:58,707 [BombeRLeWorld] INFO: Agent <rule_based_agent> stayed within acceptable think time.
2024-09-10 21:46:58,806 [BombeRLeWorld] INFO: STARTING STEP 157
2024-09-10 21:46:58,808 [BombeRLeWorld] INFO: Agent <rule_based_agent> chose action LEFT in 0.00s.
2024-09-10 21:46:58,808 [BombeRLeWorld] INFO: Agent <rule_based_agent> stayed within acceptable think time.
2024-09-10 21:46:58,904 [BombeRLeWorld] INFO: STARTING STEP 158
2024-09-10 21:46:58,906 [BombeRLeWorld] INFO: Agent <rule_based_agent> chose action LEFT in 0.00s.
2024-09-10 21:46:58,906 [BombeRLeWorld] INFO: Agent <rule_based_agent> stayed within acceptable think time.
2024-09-10 21:46:59,007 [BombeRLeWorld] INFO: STARTING STEP 159
2024-09-10 21:46:59,008 [BombeRLeWorld] INFO: Agent <rule_based_agent> chose action LEFT in 0.00s.
2024-09-10 21:46:59,008 [BombeRLeWorld] INFO: Agent <rule_based_agent> stayed within acceptable think time.
2024-09-10 21:46:59,105 [BombeRLeWorld] INFO: STARTING STEP 160
2024-09-10 21:46:59,106 [BombeRLeWorld] INFO: Agent <rule_based_agent> chose action LEFT in 0.00s.
2024-09-10 21:46:59,106 [BombeRLeWorld] INFO: Agent <rule_based_agent> stayed within acceptable think time.
2024-09-10 21:46:59,203 [BombeRLeWorld] INFO: STARTING STEP 161
2024-09-10 21:46:59,204 [BombeRLeWorld] INFO: Agent <rule_based_agent> chose action UP in 0.00s.
2024-09-10 21:46:59,204 [BombeRLeWorld] INFO: Agent <rule_based_agent> stayed within acceptable think time.
2024-09-10 21:46:59,304 [BombeRLeWorld] INFO: STARTING STEP 162
2024-09-10 21:46:59,305 [BombeRLeWorld] INFO: Agent <rule_based_agent> chose action BOMB in 0.00s.
2024-09-10 21:46:59,305 [BombeRLeWorld] INFO: Agent <rule_based_agent> stayed within acceptable think time.
2024-09-10 21:46:59,305 [BombeRLeWorld] INFO: Agent <rule_based_agent> drops bomb at (5, 8)
2024-09-10 21:46:59,417 [BombeRLeWorld] INFO: STARTING STEP 163
2024-09-10 21:46:59,420 [BombeRLeWorld] INFO: Agent <rule_based_agent> chose action DOWN in 0.00s.
2024-09-10 21:46:59,420 [BombeRLeWorld] INFO: Agent <rule_based_agent> stayed within acceptable think time.
2024-09-10 21:46:59,507 [BombeRLeWorld] INFO: STARTING STEP 164
2024-09-10 21:46:59,509 [BombeRLeWorld] INFO: Agent <rule_based_agent> chose action RIGHT in 0.00s.
2024-09-10 21:46:59,509 [BombeRLeWorld] INFO: Agent <rule_based_agent> stayed within acceptable think time.
2024-09-10 21:46:59,606 [BombeRLeWorld] INFO: STARTING STEP 165
2024-09-10 21:46:59,608 [BombeRLeWorld] INFO: Agent <rule_based_agent> chose action LEFT in 0.00s.
2024-09-10 21:46:59,608 [BombeRLeWorld] INFO: Agent <rule_based_agent> stayed within acceptable think time.
2024-09-10 21:46:59,705 [BombeRLeWorld] INFO: STARTING STEP 166
2024-09-10 21:46:59,707 [BombeRLeWorld] INFO: Agent <rule_based_agent> chose action RIGHT in 0.00s.
2024-09-10 21:46:59,707 [BombeRLeWorld] INFO: Agent <rule_based_agent> stayed within acceptable think time.
2024-09-10 21:46:59,707 [BombeRLeWorld] INFO: Agent <rule_based_agent>'s bomb at (5, 8) explodes
2024-09-10 21:46:59,808 [BombeRLeWorld] INFO: STARTING STEP 167
2024-09-10 21:46:59,810 [BombeRLeWorld] INFO: Agent <rule_based_agent> chose action RIGHT in 0.00s.
2024-09-10 21:46:59,810 [BombeRLeWorld] INFO: Agent <rule_based_agent> stayed within acceptable think time.
2024-09-10 21:46:59,906 [BombeRLeWorld] INFO: STARTING STEP 168
2024-09-10 21:46:59,908 [BombeRLeWorld] INFO: Agent <rule_based_agent> chose action LEFT in 0.00s.
2024-09-10 21:46:59,908 [BombeRLeWorld] INFO: Agent <rule_based_agent> stayed within acceptable think time.
2024-09-10 21:47:00,007 [BombeRLeWorld] INFO: STARTING STEP 169
2024-09-10 21:47:00,009 [BombeRLeWorld] INFO: Agent <rule_based_agent> chose action LEFT in 0.00s.
2024-09-10 21:47:00,009 [BombeRLeWorld] INFO: Agent <rule_based_agent> stayed within acceptable think time.
2024-09-10 21:47:00,107 [BombeRLeWorld] INFO: STARTING STEP 170
2024-09-10 21:47:00,108 [BombeRLeWorld] INFO: Agent <rule_based_agent> chose action LEFT in 0.00s.
2024-09-10 21:47:00,108 [BombeRLeWorld] INFO: Agent <rule_based_agent> stayed within acceptable think time.
2024-09-10 21:47:00,208 [BombeRLeWorld] INFO: STARTING STEP 171
2024-09-10 21:47:00,210 [BombeRLeWorld] INFO: Agent <rule_based_agent> chose action LEFT in 0.00s.
2024-09-10 21:47:00,210 [BombeRLeWorld] INFO: Agent <rule_based_agent> stayed within acceptable think time.
2024-09-10 21:47:00,306 [BombeRLeWorld] INFO: STARTING STEP 172
2024-09-10 21:47:00,308 [BombeRLeWorld] INFO: Agent <rule_based_agent> chose action DOWN in 0.00s.
2024-09-10 21:47:00,308 [BombeRLeWorld] INFO: Agent <rule_based_agent> stayed within acceptable think time.
2024-09-10 21:47:00,407 [BombeRLeWorld] INFO: STARTING STEP 173
2024-09-10 21:47:00,408 [BombeRLeWorld] INFO: Agent <rule_based_agent> chose action BOMB in 0.00s.
2024-09-10 21:47:00,408 [BombeRLeWorld] INFO: Agent <rule_based_agent> stayed within acceptable think time.
2024-09-10 21:47:00,408 [BombeRLeWorld] INFO: Agent <rule_based_agent> drops bomb at (3, 10)
2024-09-10 21:47:00,507 [BombeRLeWorld] INFO: STARTING STEP 174
2024-09-10 21:47:00,508 [BombeRLeWorld] INFO: Agent <rule_based_agent> chose action UP in 0.00s.
2024-09-10 21:47:00,508 [BombeRLeWorld] INFO: Agent <rule_based_agent> stayed within acceptable think time.
2024-09-10 21:47:00,608 [BombeRLeWorld] INFO: STARTING STEP 175
2024-09-10 21:47:00,610 [BombeRLeWorld] INFO: Agent <rule_based_agent> chose action RIGHT in 0.00s.
2024-09-10 21:47:00,610 [BombeRLeWorld] INFO: Agent <rule_based_agent> stayed within acceptable think time.
2024-09-10 21:47:00,707 [BombeRLeWorld] INFO: STARTING STEP 176
2024-09-10 21:47:00,709 [BombeRLeWorld] INFO: Agent <rule_based_agent> chose action LEFT in 0.00s.
2024-09-10 21:47:00,709 [BombeRLeWorld] INFO: Agent <rule_based_agent> stayed within acceptable think time.
2024-09-10 21:47:00,810 [BombeRLeWorld] INFO: STARTING STEP 177
2024-09-10 21:47:00,812 [BombeRLeWorld] INFO: Agent <rule_based_agent> chose action RIGHT in 0.00s.
2024-09-10 21:47:00,812 [BombeRLeWorld] INFO: Agent <rule_based_agent> stayed within acceptable think time.
2024-09-10 21:47:00,812 [BombeRLeWorld] INFO: Agent <rule_based_agent>'s bomb at (3, 10) explodes
2024-09-10 21:47:00,911 [BombeRLeWorld] INFO: STARTING STEP 178
2024-09-10 21:47:00,915 [BombeRLeWorld] INFO: Agent <rule_based_agent> chose action RIGHT in 0.00s.
2024-09-10 21:47:00,915 [BombeRLeWorld] INFO: Agent <rule_based_agent> stayed within acceptable think time.
2024-09-10 21:47:01,013 [BombeRLeWorld] INFO: STARTING STEP 179
2024-09-10 21:47:01,016 [BombeRLeWorld] INFO: Agent <rule_based_agent> chose action UP in 0.00s.
2024-09-10 21:47:01,016 [BombeRLeWorld] INFO: Agent <rule_based_agent> stayed within acceptable think time.
2024-09-10 21:47:01,108 [BombeRLeWorld] INFO: STARTING STEP 180
2024-09-10 21:47:01,110 [BombeRLeWorld] INFO: Agent <rule_based_agent> chose action UP in 0.00s.
2024-09-10 21:47:01,110 [BombeRLeWorld] INFO: Agent <rule_based_agent> stayed within acceptable think time.
2024-09-10 21:47:01,208 [BombeRLeWorld] INFO: STARTING STEP 181
2024-09-10 21:47:01,210 [BombeRLeWorld] INFO: Agent <rule_based_agent> chose action LEFT in 0.00s.
2024-09-10 21:47:01,210 [BombeRLeWorld] INFO: Agent <rule_based_agent> stayed within acceptable think time.
2024-09-10 21:47:01,307 [BombeRLeWorld] INFO: STARTING STEP 182
2024-09-10 21:47:01,309 [BombeRLeWorld] INFO: Agent <rule_based_agent> chose action LEFT in 0.00s.
2024-09-10 21:47:01,309 [BombeRLeWorld] INFO: Agent <rule_based_agent> stayed within acceptable think time.
2024-09-10 21:47:01,409 [BombeRLeWorld] INFO: STARTING STEP 183
2024-09-10 21:47:01,410 [BombeRLeWorld] INFO: Agent <rule_based_agent> chose action UP in 0.00s.
2024-09-10 21:47:01,410 [BombeRLeWorld] INFO: Agent <rule_based_agent> stayed within acceptable think time.
2024-09-10 21:47:01,508 [BombeRLeWorld] INFO: STARTING STEP 184
2024-09-10 21:47:01,509 [BombeRLeWorld] INFO: Agent <rule_based_agent> chose action BOMB in 0.00s.
2024-09-10 21:47:01,509 [BombeRLeWorld] INFO: Agent <rule_based_agent> stayed within acceptable think time.
2024-09-10 21:47:01,509 [BombeRLeWorld] INFO: Agent <rule_based_agent> drops bomb at (3, 6)
2024-09-10 21:47:01,610 [BombeRLeWorld] INFO: STARTING STEP 185
2024-09-10 21:47:01,613 [BombeRLeWorld] INFO: Agent <rule_based_agent> chose action DOWN in 0.00s.
2024-09-10 21:47:01,613 [BombeRLeWorld] INFO: Agent <rule_based_agent> stayed within acceptable think time.
2024-09-10 21:47:01,709 [BombeRLeWorld] INFO: STARTING STEP 186
2024-09-10 21:47:01,711 [BombeRLeWorld] INFO: Agent <rule_based_agent> chose action RIGHT in 0.00s.
2024-09-10 21:47:01,711 [BombeRLeWorld] INFO: Agent <rule_based_agent> stayed within acceptable think time.
2024-09-10 21:47:01,810 [BombeRLeWorld] INFO: STARTING STEP 187
2024-09-10 21:47:01,812 [BombeRLeWorld] INFO: Agent <rule_based_agent> chose action RIGHT in 0.00s.
2024-09-10 21:47:01,812 [BombeRLeWorld] INFO: Agent <rule_based_agent> stayed within acceptable think time.
2024-09-10 21:47:01,913 [BombeRLeWorld] INFO: STARTING STEP 188
2024-09-10 21:47:01,917 [BombeRLeWorld] INFO: Agent <rule_based_agent> chose action LEFT in 0.00s.
2024-09-10 21:47:01,917 [BombeRLeWorld] INFO: Agent <rule_based_agent> stayed within acceptable think time.
2024-09-10 21:47:01,917 [BombeRLeWorld] INFO: Agent <rule_based_agent>'s bomb at (3, 6) explodes
2024-09-10 21:47:02,014 [BombeRLeWorld] INFO: STARTING STEP 189
2024-09-10 21:47:02,016 [BombeRLeWorld] INFO: Agent <rule_based_agent> chose action RIGHT in 0.00s.
2024-09-10 21:47:02,017 [BombeRLeWorld] INFO: Agent <rule_based_agent> stayed within acceptable think time.
2024-09-10 21:47:02,109 [BombeRLeWorld] INFO: STARTING STEP 190
2024-09-10 21:47:02,112 [BombeRLeWorld] INFO: Agent <rule_based_agent> chose action UP in 0.00s.
2024-09-10 21:47:02,112 [BombeRLeWorld] INFO: Agent <rule_based_agent> stayed within acceptable think time.
2024-09-10 21:47:02,211 [BombeRLeWorld] INFO: STARTING STEP 191
2024-09-10 21:47:02,213 [BombeRLeWorld] INFO: Agent <rule_based_agent> chose action UP in 0.00s.
2024-09-10 21:47:02,213 [BombeRLeWorld] INFO: Agent <rule_based_agent> stayed within acceptable think time.
2024-09-10 21:47:02,310 [BombeRLeWorld] INFO: STARTING STEP 192
2024-09-10 21:47:02,311 [BombeRLeWorld] INFO: Agent <rule_based_agent> chose action RIGHT in 0.00s.
2024-09-10 21:47:02,311 [BombeRLeWorld] INFO: Agent <rule_based_agent> stayed within acceptable think time.
2024-09-10 21:47:02,411 [BombeRLeWorld] INFO: STARTING STEP 193
2024-09-10 21:47:02,413 [BombeRLeWorld] INFO: Agent <rule_based_agent> chose action RIGHT in 0.00s.
2024-09-10 21:47:02,413 [BombeRLeWorld] INFO: Agent <rule_based_agent> stayed within acceptable think time.
2024-09-10 21:47:02,510 [BombeRLeWorld] INFO: STARTING STEP 194
2024-09-10 21:47:02,511 [BombeRLeWorld] INFO: Agent <rule_based_agent> chose action DOWN in 0.00s.
2024-09-10 21:47:02,511 [BombeRLeWorld] INFO: Agent <rule_based_agent> stayed within acceptable think time.
2024-09-10 21:47:02,612 [BombeRLeWorld] INFO: STARTING STEP 195
2024-09-10 21:47:02,613 [BombeRLeWorld] INFO: Agent <rule_based_agent> chose action BOMB in 0.00s.
2024-09-10 21:47:02,613 [BombeRLeWorld] INFO: Agent <rule_based_agent> stayed within acceptable think time.
2024-09-10 21:47:02,613 [BombeRLeWorld] INFO: Agent <rule_based_agent> drops bomb at (7, 6)
2024-09-10 21:47:02,710 [BombeRLeWorld] INFO: STARTING STEP 196
2024-09-10 21:47:02,713 [BombeRLeWorld] INFO: Agent <rule_based_agent> chose action UP in 0.00s.
2024-09-10 21:47:02,713 [BombeRLeWorld] INFO: Agent <rule_based_agent> stayed within acceptable think time.
2024-09-10 21:47:02,812 [BombeRLeWorld] INFO: STARTING STEP 197
2024-09-10 21:47:02,814 [BombeRLeWorld] INFO: Agent <rule_based_agent> chose action LEFT in 0.00s.
2024-09-10 21:47:02,814 [BombeRLeWorld] INFO: Agent <rule_based_agent> stayed within acceptable think time.
2024-09-10 21:47:02,911 [BombeRLeWorld] INFO: STARTING STEP 198
2024-09-10 21:47:02,914 [BombeRLeWorld] INFO: Agent <rule_based_agent> chose action LEFT in 0.00s.
2024-09-10 21:47:02,914 [BombeRLeWorld] INFO: Agent <rule_based_agent> stayed within acceptable think time.
2024-09-10 21:47:03,012 [BombeRLeWorld] INFO: STARTING STEP 199
2024-09-10 21:47:03,016 [BombeRLeWorld] INFO: Agent <rule_based_agent> chose action RIGHT in 0.00s.
2024-09-10 21:47:03,016 [BombeRLeWorld] INFO: Agent <rule_based_agent> stayed within acceptable think time.
2024-09-10 21:47:03,016 [BombeRLeWorld] INFO: Agent <rule_based_agent>'s bomb at (7, 6) explodes
2024-09-10 21:47:03,111 [BombeRLeWorld] INFO: STARTING STEP 200
2024-09-10 21:47:03,113 [BombeRLeWorld] INFO: Agent <rule_based_agent> chose action LEFT in 0.00s.
2024-09-10 21:47:03,113 [BombeRLeWorld] INFO: Agent <rule_based_agent> stayed within acceptable think time.
2024-09-10 21:47:03,214 [BombeRLeWorld] INFO: STARTING STEP 201
2024-09-10 21:47:03,216 [BombeRLeWorld] INFO: Agent <rule_based_agent> chose action RIGHT in 0.00s.
2024-09-10 21:47:03,216 [BombeRLeWorld] INFO: Agent <rule_based_agent> stayed within acceptable think time.
2024-09-10 21:47:03,311 [BombeRLeWorld] INFO: STARTING STEP 202
2024-09-10 21:47:03,313 [BombeRLeWorld] INFO: Agent <rule_based_agent> chose action RIGHT in 0.00s.
2024-09-10 21:47:03,313 [BombeRLeWorld] INFO: Agent <rule_based_agent> stayed within acceptable think time.
2024-09-10 21:47:03,413 [BombeRLeWorld] INFO: STARTING STEP 203
2024-09-10 21:47:03,415 [BombeRLeWorld] INFO: Agent <rule_based_agent> chose action UP in 0.00s.
2024-09-10 21:47:03,415 [BombeRLeWorld] INFO: Agent <rule_based_agent> stayed within acceptable think time.
2024-09-10 21:47:03,511 [BombeRLeWorld] INFO: STARTING STEP 204
2024-09-10 21:47:03,513 [BombeRLeWorld] INFO: Agent <rule_based_agent> chose action UP in 0.00s.
2024-09-10 21:47:03,513 [BombeRLeWorld] INFO: Agent <rule_based_agent> stayed within acceptable think time.
2024-09-10 21:47:03,613 [BombeRLeWorld] INFO: STARTING STEP 205
2024-09-10 21:47:03,615 [BombeRLeWorld] INFO: Agent <rule_based_agent> chose action BOMB in 0.00s.
2024-09-10 21:47:03,615 [BombeRLeWorld] INFO: Agent <rule_based_agent> stayed within acceptable think time.
2024-09-10 21:47:03,615 [BombeRLeWorld] INFO: Agent <rule_based_agent> drops bomb at (7, 3)
2024-09-10 21:47:03,711 [BombeRLeWorld] INFO: STARTING STEP 206
2024-09-10 21:47:03,715 [BombeRLeWorld] INFO: Agent <rule_based_agent> chose action DOWN in 0.00s.
2024-09-10 21:47:03,715 [BombeRLeWorld] INFO: Agent <rule_based_agent> stayed within acceptable think time.
2024-09-10 21:47:03,813 [BombeRLeWorld] INFO: STARTING STEP 207
2024-09-10 21:47:03,817 [BombeRLeWorld] INFO: Agent <rule_based_agent> chose action DOWN in 0.00s.
2024-09-10 21:47:03,817 [BombeRLeWorld] INFO: Agent <rule_based_agent> stayed within acceptable think time.
2024-09-10 21:47:03,913 [BombeRLeWorld] INFO: STARTING STEP 208
2024-09-10 21:47:03,918 [BombeRLeWorld] INFO: Agent <rule_based_agent> chose action LEFT in 0.00s.
2024-09-10 21:47:03,918 [BombeRLeWorld] INFO: Agent <rule_based_agent> stayed within acceptable think time.
2024-09-10 21:47:04,013 [BombeRLeWorld] INFO: STARTING STEP 209
2024-09-10 21:47:04,018 [BombeRLeWorld] INFO: Agent <rule_based_agent> chose action LEFT in 0.00s.
2024-09-10 21:47:04,018 [BombeRLeWorld] INFO: Agent <rule_based_agent> stayed within acceptable think time.
2024-09-10 21:47:04,018 [BombeRLeWorld] INFO: Agent <rule_based_agent>'s bomb at (7, 3) explodes
2024-09-10 21:47:04,113 [BombeRLeWorld] INFO: STARTING STEP 210
2024-09-10 21:47:04,116 [BombeRLeWorld] INFO: Agent <rule_based_agent> chose action RIGHT in 0.00s.
2024-09-10 21:47:04,116 [BombeRLeWorld] INFO: Agent <rule_based_agent> stayed within acceptable think time.
2024-09-10 21:47:04,215 [BombeRLeWorld] INFO: STARTING STEP 211
2024-09-10 21:47:04,217 [BombeRLeWorld] INFO: Agent <rule_based_agent> chose action RIGHT in 0.00s.
2024-09-10 21:47:04,217 [BombeRLeWorld] INFO: Agent <rule_based_agent> stayed within acceptable think time.
2024-09-10 21:47:04,312 [BombeRLeWorld] INFO: STARTING STEP 212
2024-09-10 21:47:04,314 [BombeRLeWorld] INFO: Agent <rule_based_agent> chose action UP in 0.00s.
2024-09-10 21:47:04,314 [BombeRLeWorld] INFO: Agent <rule_based_agent> stayed within acceptable think time.
2024-09-10 21:47:04,414 [BombeRLeWorld] INFO: STARTING STEP 213
2024-09-10 21:47:04,416 [BombeRLeWorld] INFO: Agent <rule_based_agent> chose action UP in 0.00s.
2024-09-10 21:47:04,416 [BombeRLeWorld] INFO: Agent <rule_based_agent> stayed within acceptable think time.
2024-09-10 21:47:04,513 [BombeRLeWorld] INFO: STARTING STEP 214
2024-09-10 21:47:04,514 [BombeRLeWorld] INFO: Agent <rule_based_agent> chose action UP in 0.00s.
2024-09-10 21:47:04,514 [BombeRLeWorld] INFO: Agent <rule_based_agent> stayed within acceptable think time.
2024-09-10 21:47:04,615 [BombeRLeWorld] INFO: STARTING STEP 215
2024-09-10 21:47:04,616 [BombeRLeWorld] INFO: Agent <rule_based_agent> chose action UP in 0.00s.
2024-09-10 21:47:04,616 [BombeRLeWorld] INFO: Agent <rule_based_agent> stayed within acceptable think time.
2024-09-10 21:47:04,713 [BombeRLeWorld] INFO: STARTING STEP 216
2024-09-10 21:47:04,714 [BombeRLeWorld] INFO: Agent <rule_based_agent> chose action LEFT in 0.00s.
2024-09-10 21:47:04,714 [BombeRLeWorld] INFO: Agent <rule_based_agent> stayed within acceptable think time.
2024-09-10 21:47:04,811 [BombeRLeWorld] INFO: STARTING STEP 217
2024-09-10 21:47:04,812 [BombeRLeWorld] INFO: Agent <rule_based_agent> chose action BOMB in 0.00s.
2024-09-10 21:47:04,812 [BombeRLeWorld] INFO: Agent <rule_based_agent> stayed within acceptable think time.
2024-09-10 21:47:04,812 [BombeRLeWorld] INFO: Agent <rule_based_agent> drops bomb at (6, 1)
2024-09-10 21:47:04,912 [BombeRLeWorld] INFO: STARTING STEP 218
2024-09-10 21:47:04,914 [BombeRLeWorld] INFO: Agent <rule_based_agent> chose action RIGHT in 0.00s.
2024-09-10 21:47:04,914 [BombeRLeWorld] INFO: Agent <rule_based_agent> stayed within acceptable think time.
2024-09-10 21:47:05,012 [BombeRLeWorld] INFO: STARTING STEP 219
2024-09-10 21:47:05,013 [BombeRLeWorld] INFO: Agent <rule_based_agent> chose action DOWN in 0.00s.
2024-09-10 21:47:05,013 [BombeRLeWorld] INFO: Agent <rule_based_agent> stayed within acceptable think time.
2024-09-10 21:47:05,113 [BombeRLeWorld] INFO: STARTING STEP 220
2024-09-10 21:47:05,115 [BombeRLeWorld] INFO: Agent <rule_based_agent> chose action DOWN in 0.00s.
2024-09-10 21:47:05,115 [BombeRLeWorld] INFO: Agent <rule_based_agent> stayed within acceptable think time.
2024-09-10 21:47:05,214 [BombeRLeWorld] INFO: STARTING STEP 221
2024-09-10 21:47:05,216 [BombeRLeWorld] INFO: Agent <rule_based_agent> chose action RIGHT in 0.00s.
2024-09-10 21:47:05,216 [BombeRLeWorld] INFO: Agent <rule_based_agent> stayed within acceptable think time.
2024-09-10 21:47:05,216 [BombeRLeWorld] INFO: Agent <rule_based_agent>'s bomb at (6, 1) explodes
2024-09-10 21:47:05,314 [BombeRLeWorld] INFO: STARTING STEP 222
2024-09-10 21:47:05,315 [BombeRLeWorld] INFO: Agent <rule_based_agent> chose action RIGHT in 0.00s.
2024-09-10 21:47:05,316 [BombeRLeWorld] INFO: Agent <rule_based_agent> stayed within acceptable think time.
2024-09-10 21:47:05,416 [BombeRLeWorld] INFO: STARTING STEP 223
2024-09-10 21:47:05,418 [BombeRLeWorld] INFO: Agent <rule_based_agent> chose action RIGHT in 0.00s.
2024-09-10 21:47:05,418 [BombeRLeWorld] INFO: Agent <rule_based_agent> stayed within acceptable think time.
2024-09-10 21:47:05,514 [BombeRLeWorld] INFO: STARTING STEP 224
2024-09-10 21:47:05,515 [BombeRLeWorld] INFO: Agent <rule_based_agent> chose action RIGHT in 0.00s.
2024-09-10 21:47:05,515 [BombeRLeWorld] INFO: Agent <rule_based_agent> stayed within acceptable think time.
2024-09-10 21:47:05,615 [BombeRLeWorld] INFO: STARTING STEP 225
2024-09-10 21:47:05,616 [BombeRLeWorld] INFO: Agent <rule_based_agent> chose action DOWN in 0.00s.
2024-09-10 21:47:05,616 [BombeRLeWorld] INFO: Agent <rule_based_agent> stayed within acceptable think time.
2024-09-10 21:47:05,616 [BombeRLeWorld] INFO: Agent <rule_based_agent> picked up coin at (11, 4) and receives 1 point
2024-09-10 21:47:05,714 [BombeRLeWorld] INFO: STARTING STEP 226
2024-09-10 21:47:05,715 [BombeRLeWorld] INFO: Agent <rule_based_agent> chose action BOMB in 0.00s.
2024-09-10 21:47:05,715 [BombeRLeWorld] INFO: Agent <rule_based_agent> stayed within acceptable think time.
2024-09-10 21:47:05,715 [BombeRLeWorld] INFO: Agent <rule_based_agent> drops bomb at (11, 4)
2024-09-10 21:47:05,815 [BombeRLeWorld] INFO: STARTING STEP 227
2024-09-10 21:47:05,821 [BombeRLeWorld] INFO: Agent <rule_based_agent> chose action UP in 0.01s.
2024-09-10 21:47:05,821 [BombeRLeWorld] INFO: Agent <rule_based_agent> stayed within acceptable think time.
2024-09-10 21:47:05,914 [BombeRLeWorld] INFO: STARTING STEP 228
2024-09-10 21:47:05,921 [BombeRLeWorld] INFO: Agent <rule_based_agent> chose action LEFT in 0.01s.
2024-09-10 21:47:05,921 [BombeRLeWorld] INFO: Agent <rule_based_agent> stayed within acceptable think time.
2024-09-10 21:47:06,016 [BombeRLeWorld] INFO: STARTING STEP 229
2024-09-10 21:47:06,023 [BombeRLeWorld] INFO: Agent <rule_based_agent> chose action LEFT in 0.01s.
2024-09-10 21:47:06,023 [BombeRLeWorld] INFO: Agent <rule_based_agent> stayed within acceptable think time.
2024-09-10 21:47:06,114 [BombeRLeWorld] INFO: STARTING STEP 230
2024-09-10 21:47:06,120 [BombeRLeWorld] INFO: Agent <rule_based_agent> chose action LEFT in 0.01s.
2024-09-10 21:47:06,120 [BombeRLeWorld] INFO: Agent <rule_based_agent> stayed within acceptable think time.
2024-09-10 21:47:06,120 [BombeRLeWorld] INFO: Agent <rule_based_agent>'s bomb at (11, 4) explodes
2024-09-10 21:47:06,215 [BombeRLeWorld] INFO: STARTING STEP 231
2024-09-10 21:47:06,218 [BombeRLeWorld] INFO: Agent <rule_based_agent> chose action RIGHT in 0.00s.
2024-09-10 21:47:06,218 [BombeRLeWorld] INFO: Agent <rule_based_agent> stayed within acceptable think time.
2024-09-10 21:47:06,315 [BombeRLeWorld] INFO: STARTING STEP 232
2024-09-10 21:47:06,318 [BombeRLeWorld] INFO: Agent <rule_based_agent> chose action RIGHT in 0.00s.
2024-09-10 21:47:06,318 [BombeRLeWorld] INFO: Agent <rule_based_agent> stayed within acceptable think time.
2024-09-10 21:47:06,418 [BombeRLeWorld] INFO: STARTING STEP 233
2024-09-10 21:47:06,420 [BombeRLeWorld] INFO: Agent <rule_based_agent> chose action RIGHT in 0.00s.
2024-09-10 21:47:06,421 [BombeRLeWorld] INFO: Agent <rule_based_agent> stayed within acceptable think time.
2024-09-10 21:47:06,515 [BombeRLeWorld] INFO: STARTING STEP 234
2024-09-10 21:47:06,517 [BombeRLeWorld] INFO: Agent <rule_based_agent> chose action DOWN in 0.00s.
2024-09-10 21:47:06,517 [BombeRLeWorld] INFO: Agent <rule_based_agent> stayed within acceptable think time.
2024-09-10 21:47:06,618 [BombeRLeWorld] INFO: STARTING STEP 235
2024-09-10 21:47:06,620 [BombeRLeWorld] INFO: Agent <rule_based_agent> chose action DOWN in 0.00s.
2024-09-10 21:47:06,620 [BombeRLeWorld] INFO: Agent <rule_based_agent> stayed within acceptable think time.
2024-09-10 21:47:06,715 [BombeRLeWorld] INFO: STARTING STEP 236
2024-09-10 21:47:06,716 [BombeRLeWorld] INFO: Agent <rule_based_agent> chose action DOWN in 0.00s.
2024-09-10 21:47:06,716 [BombeRLeWorld] INFO: Agent <rule_based_agent> stayed within acceptable think time.
2024-09-10 21:47:06,818 [BombeRLeWorld] INFO: STARTING STEP 237
2024-09-10 21:47:06,819 [BombeRLeWorld] INFO: Agent <rule_based_agent> chose action DOWN in 0.00s.
2024-09-10 21:47:06,819 [BombeRLeWorld] INFO: Agent <rule_based_agent> stayed within acceptable think time.
2024-09-10 21:47:06,919 [BombeRLeWorld] INFO: STARTING STEP 238
2024-09-10 21:47:06,920 [BombeRLeWorld] INFO: Agent <rule_based_agent> chose action BOMB in 0.00s.
2024-09-10 21:47:06,920 [BombeRLeWorld] INFO: Agent <rule_based_agent> stayed within acceptable think time.
2024-09-10 21:47:06,920 [BombeRLeWorld] INFO: Agent <rule_based_agent> drops bomb at (11, 7)
2024-09-10 21:47:07,020 [BombeRLeWorld] INFO: STARTING STEP 239
2024-09-10 21:47:07,027 [BombeRLeWorld] INFO: Agent <rule_based_agent> chose action UP in 0.01s.
2024-09-10 21:47:07,027 [BombeRLeWorld] INFO: Agent <rule_based_agent> stayed within acceptable think time.
2024-09-10 21:47:07,116 [BombeRLeWorld] INFO: STARTING STEP 240
2024-09-10 21:47:07,122 [BombeRLeWorld] INFO: Agent <rule_based_agent> chose action UP in 0.01s.
2024-09-10 21:47:07,122 [BombeRLeWorld] INFO: Agent <rule_based_agent> stayed within acceptable think time.
2024-09-10 21:47:07,219 [BombeRLeWorld] INFO: STARTING STEP 241
2024-09-10 21:47:07,229 [BombeRLeWorld] INFO: Agent <rule_based_agent> chose action UP in 0.01s.
2024-09-10 21:47:07,229 [BombeRLeWorld] INFO: Agent <rule_based_agent> stayed within acceptable think time.
2024-09-10 21:47:07,317 [BombeRLeWorld] INFO: STARTING STEP 242
2024-09-10 21:47:07,324 [BombeRLeWorld] INFO: Agent <rule_based_agent> chose action UP in 0.01s.
2024-09-10 21:47:07,324 [BombeRLeWorld] INFO: Agent <rule_based_agent> stayed within acceptable think time.
2024-09-10 21:47:07,324 [BombeRLeWorld] INFO: Agent <rule_based_agent>'s bomb at (11, 7) explodes
2024-09-10 21:47:07,324 [BombeRLeWorld] INFO: Coin found at (8, 7)
2024-09-10 21:47:07,419 [BombeRLeWorld] INFO: STARTING STEP 243
2024-09-10 21:47:07,421 [BombeRLeWorld] INFO: Agent <rule_based_agent> chose action UP in 0.00s.
2024-09-10 21:47:07,421 [BombeRLeWorld] INFO: Agent <rule_based_agent> stayed within acceptable think time.
2024-09-10 21:47:07,523 [BombeRLeWorld] INFO: STARTING STEP 244
2024-09-10 21:47:07,527 [BombeRLeWorld] INFO: Agent <rule_based_agent> chose action DOWN in 0.00s.
2024-09-10 21:47:07,527 [BombeRLeWorld] INFO: Agent <rule_based_agent> stayed within acceptable think time.
2024-09-10 21:47:07,623 [BombeRLeWorld] INFO: STARTING STEP 245
2024-09-10 21:47:07,627 [BombeRLeWorld] INFO: Agent <rule_based_agent> chose action LEFT in 0.00s.
2024-09-10 21:47:07,628 [BombeRLeWorld] INFO: Agent <rule_based_agent> stayed within acceptable think time.
2024-09-10 21:47:07,721 [BombeRLeWorld] INFO: STARTING STEP 246
2024-09-10 21:47:07,726 [BombeRLeWorld] INFO: Agent <rule_based_agent> chose action LEFT in 0.00s.
2024-09-10 21:47:07,726 [BombeRLeWorld] INFO: Agent <rule_based_agent> stayed within acceptable think time.
2024-09-10 21:47:07,822 [BombeRLeWorld] INFO: STARTING STEP 247
2024-09-10 21:47:07,825 [BombeRLeWorld] INFO: Agent <rule_based_agent> chose action DOWN in 0.00s.
2024-09-10 21:47:07,825 [BombeRLeWorld] INFO: Agent <rule_based_agent> stayed within acceptable think time.
2024-09-10 21:47:07,918 [BombeRLeWorld] INFO: STARTING STEP 248
2024-09-10 21:47:07,920 [BombeRLeWorld] INFO: Agent <rule_based_agent> chose action DOWN in 0.00s.
2024-09-10 21:47:07,920 [BombeRLeWorld] INFO: Agent <rule_based_agent> stayed within acceptable think time.
2024-09-10 21:47:08,019 [BombeRLeWorld] INFO: STARTING STEP 249
2024-09-10 21:47:08,021 [BombeRLeWorld] INFO: Agent <rule_based_agent> chose action DOWN in 0.00s.
2024-09-10 21:47:08,021 [BombeRLeWorld] INFO: Agent <rule_based_agent> stayed within acceptable think time.
2024-09-10 21:47:08,118 [BombeRLeWorld] INFO: STARTING STEP 250
2024-09-10 21:47:08,120 [BombeRLeWorld] INFO: Agent <rule_based_agent> chose action DOWN in 0.00s.
2024-09-10 21:47:08,120 [BombeRLeWorld] INFO: Agent <rule_based_agent> stayed within acceptable think time.
2024-09-10 21:47:08,218 [BombeRLeWorld] INFO: STARTING STEP 251
2024-09-10 21:47:08,219 [BombeRLeWorld] INFO: Agent <rule_based_agent> chose action LEFT in 0.00s.
2024-09-10 21:47:08,219 [BombeRLeWorld] INFO: Agent <rule_based_agent> stayed within acceptable think time.
2024-09-10 21:47:08,219 [BombeRLeWorld] INFO: Agent <rule_based_agent> picked up coin at (8, 7) and receives 1 point
2024-09-10 21:47:08,327 [BombeRLeWorld] INFO: STARTING STEP 252
2024-09-10 21:47:08,337 [BombeRLeWorld] INFO: Agent <rule_based_agent> chose action LEFT in 0.01s.
2024-09-10 21:47:08,337 [BombeRLeWorld] INFO: Agent <rule_based_agent> stayed within acceptable think time.
2024-09-10 21:47:08,424 [BombeRLeWorld] INFO: STARTING STEP 253
2024-09-10 21:47:08,438 [BombeRLeWorld] INFO: Agent <rule_based_agent> chose action DOWN in 0.01s.
2024-09-10 21:47:08,438 [BombeRLeWorld] INFO: Agent <rule_based_agent> stayed within acceptable think time.
2024-09-10 21:47:08,523 [BombeRLeWorld] INFO: STARTING STEP 254
2024-09-10 21:47:08,538 [BombeRLeWorld] INFO: Agent <rule_based_agent> chose action DOWN in 0.01s.
2024-09-10 21:47:08,538 [BombeRLeWorld] INFO: Agent <rule_based_agent> stayed within acceptable think time.
